10-Mar-2020 16:20:18.827 INFO [Catalina-utility-2] org.apache.catalina.core.StandardContext.reload Reloading Context with name [/ebookshop] has started
10-Mar-2020 16:20:19.669 INFO [Catalina-utility-2] org.apache.jasper.servlet.TldScanner.scanJars At least one JAR was scanned for TLDs yet contained no TLDs. Enable debug logging for this logger for a complete list of JARs that were scanned but no TLDs were found in them. Skipping unneeded JARs during scanning can improve startup time and JSP compilation time.
10-Mar-2020 16:20:19.676 INFO [Catalina-utility-2] org.apache.catalina.core.StandardContext.reload Reloading Context with name [/ebookshop] is completed
10-Mar-2020 16:23:00.018 INFO [main] org.apache.catalina.core.StandardServer.await A valid shutdown command was received via the shutdown port. Stopping the Server instance.
10-Mar-2020 16:23:00.028 INFO [main] org.apache.coyote.AbstractProtocol.pause Pausing ProtocolHandler ["http-nio-9999"]
10-Mar-2020 16:23:00.052 INFO [main] org.apache.catalina.core.StandardService.stopInternal Stopping service [Catalina]
10-Mar-2020 16:23:00.117 INFO [main] org.apache.coyote.AbstractProtocol.stop Stopping ProtocolHandler ["http-nio-9999"]
10-Mar-2020 16:23:00.131 INFO [main] org.apache.coyote.AbstractProtocol.destroy Destroying ProtocolHandler ["http-nio-9999"]
10-Mar-2020 16:23:04.933 INFO [main] org.apache.catalina.startup.VersionLoggerListener.log Server version name:   Apache Tomcat/9.0.31
10-Mar-2020 16:23:04.936 INFO [main] org.apache.catalina.startup.VersionLoggerListener.log Server built:          Feb 5 2020 19:32:12 UTC
10-Mar-2020 16:23:04.936 INFO [main] org.apache.catalina.startup.VersionLoggerListener.log Server version number: 9.0.31.0
10-Mar-2020 16:23:04.936 INFO [main] org.apache.catalina.startup.VersionLoggerListener.log OS Name:               Mac OS X
10-Mar-2020 16:23:04.936 INFO [main] org.apache.catalina.startup.VersionLoggerListener.log OS Version:            10.15.1
10-Mar-2020 16:23:04.936 INFO [main] org.apache.catalina.startup.VersionLoggerListener.log Architecture:          x86_64
10-Mar-2020 16:23:04.936 INFO [main] org.apache.catalina.startup.VersionLoggerListener.log Java Home:             /Library/Java/JavaVirtualMachines/jdk-13.0.2.jdk/Contents/Home
10-Mar-2020 16:23:04.936 INFO [main] org.apache.catalina.startup.VersionLoggerListener.log JVM Version:           13.0.2+8
10-Mar-2020 16:23:04.937 INFO [main] org.apache.catalina.startup.VersionLoggerListener.log JVM Vendor:            Oracle Corporation
10-Mar-2020 16:23:04.937 INFO [main] org.apache.catalina.startup.VersionLoggerListener.log CATALINA_BASE:         /Users/jeraltan/myWebProject/tomcat
10-Mar-2020 16:23:04.937 INFO [main] org.apache.catalina.startup.VersionLoggerListener.log CATALINA_HOME:         /Users/jeraltan/myWebProject/tomcat
10-Mar-2020 16:23:04.958 INFO [main] org.apache.catalina.startup.VersionLoggerListener.log Command line argument: --add-opens=java.base/java.lang=ALL-UNNAMED
10-Mar-2020 16:23:04.958 INFO [main] org.apache.catalina.startup.VersionLoggerListener.log Command line argument: --add-opens=java.base/java.io=ALL-UNNAMED
10-Mar-2020 16:23:04.958 INFO [main] org.apache.catalina.startup.VersionLoggerListener.log Command line argument: --add-opens=java.rmi/sun.rmi.transport=ALL-UNNAMED
10-Mar-2020 16:23:04.958 INFO [main] org.apache.catalina.startup.VersionLoggerListener.log Command line argument: -Djava.util.logging.config.file=/Users/jeraltan/myWebProject/tomcat/conf/logging.properties
10-Mar-2020 16:23:04.959 INFO [main] org.apache.catalina.startup.VersionLoggerListener.log Command line argument: -Djava.util.logging.manager=org.apache.juli.ClassLoaderLogManager
10-Mar-2020 16:23:04.959 INFO [main] org.apache.catalina.startup.VersionLoggerListener.log Command line argument: -Djdk.tls.ephemeralDHKeySize=2048
10-Mar-2020 16:23:04.959 INFO [main] org.apache.catalina.startup.VersionLoggerListener.log Command line argument: -Djava.protocol.handler.pkgs=org.apache.catalina.webresources
10-Mar-2020 16:23:04.959 INFO [main] org.apache.catalina.startup.VersionLoggerListener.log Command line argument: -Dorg.apache.catalina.security.SecurityListener.UMASK=0027
10-Mar-2020 16:23:04.959 INFO [main] org.apache.catalina.startup.VersionLoggerListener.log Command line argument: -Dignore.endorsed.dirs=
10-Mar-2020 16:23:04.959 INFO [main] org.apache.catalina.startup.VersionLoggerListener.log Command line argument: -Dcatalina.base=/Users/jeraltan/myWebProject/tomcat
10-Mar-2020 16:23:04.959 INFO [main] org.apache.catalina.startup.VersionLoggerListener.log Command line argument: -Dcatalina.home=/Users/jeraltan/myWebProject/tomcat
10-Mar-2020 16:23:04.959 INFO [main] org.apache.catalina.startup.VersionLoggerListener.log Command line argument: -Djava.io.tmpdir=/Users/jeraltan/myWebProject/tomcat/temp
10-Mar-2020 16:23:04.960 INFO [main] org.apache.catalina.core.AprLifecycleListener.lifecycleEvent The APR based Apache Tomcat Native library which allows optimal performance in production environments was not found on the java.library.path: [/Users/jeraltan/Library/Java/Extensions:/Library/Java/Extensions:/Network/Library/Java/Extensions:/System/Library/Java/Extensions:/usr/lib/java:.]
10-Mar-2020 16:23:05.224 INFO [main] org.apache.coyote.AbstractProtocol.init Initializing ProtocolHandler ["http-nio-9999"]
10-Mar-2020 16:23:05.269 INFO [main] org.apache.catalina.startup.Catalina.load Server initialization in [524] milliseconds
10-Mar-2020 16:23:05.312 INFO [main] org.apache.catalina.core.StandardService.startInternal Starting service [Catalina]
10-Mar-2020 16:23:05.312 INFO [main] org.apache.catalina.core.StandardEngine.startInternal Starting Servlet engine: [Apache Tomcat/9.0.31]
10-Mar-2020 16:23:05.321 INFO [main] org.apache.catalina.startup.HostConfig.deployDirectory Deploying web application directory [/Users/jeraltan/myWebProject/tomcat/webapps/ebookshop]
10-Mar-2020 16:23:05.817 INFO [main] org.apache.jasper.servlet.TldScanner.scanJars At least one JAR was scanned for TLDs yet contained no TLDs. Enable debug logging for this logger for a complete list of JARs that were scanned but no TLDs were found in them. Skipping unneeded JARs during scanning can improve startup time and JSP compilation time.
10-Mar-2020 16:23:05.858 INFO [main] org.apache.catalina.startup.HostConfig.deployDirectory Deployment of web application directory [/Users/jeraltan/myWebProject/tomcat/webapps/ebookshop] has finished in [537] ms
10-Mar-2020 16:23:05.858 INFO [main] org.apache.catalina.startup.HostConfig.deployDirectory Deploying web application directory [/Users/jeraltan/myWebProject/tomcat/webapps/docs]
10-Mar-2020 16:23:06.087 INFO [main] org.apache.jasper.servlet.TldScanner.scanJars At least one JAR was scanned for TLDs yet contained no TLDs. Enable debug logging for this logger for a complete list of JARs that were scanned but no TLDs were found in them. Skipping unneeded JARs during scanning can improve startup time and JSP compilation time.
10-Mar-2020 16:23:06.089 INFO [main] org.apache.catalina.startup.HostConfig.deployDirectory Deployment of web application directory [/Users/jeraltan/myWebProject/tomcat/webapps/docs] has finished in [230] ms
10-Mar-2020 16:23:06.089 INFO [main] org.apache.catalina.startup.HostConfig.deployDirectory Deploying web application directory [/Users/jeraltan/myWebProject/tomcat/webapps/manager]
10-Mar-2020 16:23:06.316 INFO [main] org.apache.jasper.servlet.TldScanner.scanJars At least one JAR was scanned for TLDs yet contained no TLDs. Enable debug logging for this logger for a complete list of JARs that were scanned but no TLDs were found in them. Skipping unneeded JARs during scanning can improve startup time and JSP compilation time.
10-Mar-2020 16:23:06.322 INFO [main] org.apache.catalina.startup.HostConfig.deployDirectory Deployment of web application directory [/Users/jeraltan/myWebProject/tomcat/webapps/manager] has finished in [233] ms
10-Mar-2020 16:23:06.322 INFO [main] org.apache.catalina.startup.HostConfig.deployDirectory Deploying web application directory [/Users/jeraltan/myWebProject/tomcat/webapps/examples]
10-Mar-2020 16:23:06.736 INFO [main] org.apache.jasper.servlet.TldScanner.scanJars At least one JAR was scanned for TLDs yet contained no TLDs. Enable debug logging for this logger for a complete list of JARs that were scanned but no TLDs were found in them. Skipping unneeded JARs during scanning can improve startup time and JSP compilation time.
10-Mar-2020 16:23:06.751 INFO [main] org.apache.catalina.startup.HostConfig.deployDirectory Deployment of web application directory [/Users/jeraltan/myWebProject/tomcat/webapps/examples] has finished in [429] ms
10-Mar-2020 16:23:06.751 INFO [main] org.apache.catalina.startup.HostConfig.deployDirectory Deploying web application directory [/Users/jeraltan/myWebProject/tomcat/webapps/ROOT]
10-Mar-2020 16:23:06.960 INFO [main] org.apache.jasper.servlet.TldScanner.scanJars At least one JAR was scanned for TLDs yet contained no TLDs. Enable debug logging for this logger for a complete list of JARs that were scanned but no TLDs were found in them. Skipping unneeded JARs during scanning can improve startup time and JSP compilation time.
10-Mar-2020 16:23:06.962 INFO [main] org.apache.catalina.startup.HostConfig.deployDirectory Deployment of web application directory [/Users/jeraltan/myWebProject/tomcat/webapps/ROOT] has finished in [211] ms
10-Mar-2020 16:23:06.962 INFO [main] org.apache.catalina.startup.HostConfig.deployDirectory Deploying web application directory [/Users/jeraltan/myWebProject/tomcat/webapps/hello]
10-Mar-2020 16:23:06.974 SEVERE [main] org.apache.catalina.startup.HostConfig.deployDirectory Error deploying web application directory [/Users/jeraltan/myWebProject/tomcat/webapps/hello]
	java.lang.IllegalStateException: Error starting child
		at org.apache.catalina.core.ContainerBase.addChildInternal(ContainerBase.java:720)
		at org.apache.catalina.core.ContainerBase.addChild(ContainerBase.java:690)
		at org.apache.catalina.core.StandardHost.addChild(StandardHost.java:705)
		at org.apache.catalina.startup.HostConfig.deployDirectory(HostConfig.java:1133)
		at org.apache.catalina.startup.HostConfig$DeployDirectory.run(HostConfig.java:1867)
		at java.base/java.util.concurrent.Executors$RunnableAdapter.call(Executors.java:515)
		at java.base/java.util.concurrent.FutureTask.run(FutureTask.java:264)
		at org.apache.tomcat.util.threads.InlineExecutorService.execute(InlineExecutorService.java:75)
		at java.base/java.util.concurrent.AbstractExecutorService.submit(AbstractExecutorService.java:118)
		at org.apache.catalina.startup.HostConfig.deployDirectories(HostConfig.java:1045)
		at org.apache.catalina.startup.HostConfig.deployApps(HostConfig.java:429)
		at org.apache.catalina.startup.HostConfig.start(HostConfig.java:1576)
		at org.apache.catalina.startup.HostConfig.lifecycleEvent(HostConfig.java:309)
		at org.apache.catalina.util.LifecycleBase.fireLifecycleEvent(LifecycleBase.java:123)
		at org.apache.catalina.util.LifecycleBase.setStateInternal(LifecycleBase.java:423)
		at org.apache.catalina.util.LifecycleBase.setState(LifecycleBase.java:366)
		at org.apache.catalina.core.ContainerBase.startInternal(ContainerBase.java:936)
		at org.apache.catalina.core.StandardHost.startInternal(StandardHost.java:841)
		at org.apache.catalina.util.LifecycleBase.start(LifecycleBase.java:183)
		at org.apache.catalina.core.ContainerBase$StartChild.call(ContainerBase.java:1384)
		at org.apache.catalina.core.ContainerBase$StartChild.call(ContainerBase.java:1374)
		at java.base/java.util.concurrent.FutureTask.run(FutureTask.java:264)
		at org.apache.tomcat.util.threads.InlineExecutorService.execute(InlineExecutorService.java:75)
		at java.base/java.util.concurrent.AbstractExecutorService.submit(AbstractExecutorService.java:140)
		at org.apache.catalina.core.ContainerBase.startInternal(ContainerBase.java:909)
		at org.apache.catalina.core.StandardEngine.startInternal(StandardEngine.java:262)
		at org.apache.catalina.util.LifecycleBase.start(LifecycleBase.java:183)
		at org.apache.catalina.core.StandardService.startInternal(StandardService.java:421)
		at org.apache.catalina.util.LifecycleBase.start(LifecycleBase.java:183)
		at org.apache.catalina.core.StandardServer.startInternal(StandardServer.java:930)
		at org.apache.catalina.util.LifecycleBase.start(LifecycleBase.java:183)
		at org.apache.catalina.startup.Catalina.start(Catalina.java:633)
		at java.base/jdk.internal.reflect.NativeMethodAccessorImpl.invoke0(Native Method)
		at java.base/jdk.internal.reflect.NativeMethodAccessorImpl.invoke(NativeMethodAccessorImpl.java:62)
		at java.base/jdk.internal.reflect.DelegatingMethodAccessorImpl.invoke(DelegatingMethodAccessorImpl.java:43)
		at java.base/java.lang.reflect.Method.invoke(Method.java:567)
		at org.apache.catalina.startup.Bootstrap.start(Bootstrap.java:343)
		at org.apache.catalina.startup.Bootstrap.main(Bootstrap.java:474)
	Caused by: org.apache.catalina.LifecycleException: Failed to start component [StandardEngine[Catalina].StandardHost[localhost].StandardContext[/hello]]
		at org.apache.catalina.util.LifecycleBase.handleSubClassException(LifecycleBase.java:440)
		at org.apache.catalina.util.LifecycleBase.start(LifecycleBase.java:198)
		at org.apache.catalina.core.ContainerBase.addChildInternal(ContainerBase.java:717)
		... 37 more
	Caused by: java.lang.IllegalArgumentException: The servlets named [QueryMultiValueServlet] and [QueryServlet] are both mapped to the url-pattern [/query] which is not permitted
		at org.apache.tomcat.util.descriptor.web.WebXml.addServletMappingDecoded(WebXml.java:342)
		at org.apache.tomcat.util.descriptor.web.WebXml.addServletMapping(WebXml.java:335)
		at org.apache.catalina.startup.ContextConfig.processAnnotationWebServlet(ContextConfig.java:2465)
		at org.apache.catalina.startup.ContextConfig.processClass(ContextConfig.java:2141)
		at org.apache.catalina.startup.ContextConfig.processAnnotationsStream(ContextConfig.java:2130)
		at org.apache.catalina.startup.ContextConfig.processAnnotationsWebResource(ContextConfig.java:2022)
		at org.apache.catalina.startup.ContextConfig.processClasses(ContextConfig.java:1233)
		at org.apache.catalina.startup.ContextConfig.webConfig(ContextConfig.java:1142)
		at org.apache.catalina.startup.ContextConfig.configureStart(ContextConfig.java:774)
		at org.apache.catalina.startup.ContextConfig.lifecycleEvent(ContextConfig.java:301)
		at org.apache.catalina.util.LifecycleBase.fireLifecycleEvent(LifecycleBase.java:123)
		at org.apache.catalina.core.StandardContext.startInternal(StandardContext.java:5051)
		at org.apache.catalina.util.LifecycleBase.start(LifecycleBase.java:183)
		... 38 more
10-Mar-2020 16:23:06.976 INFO [main] org.apache.catalina.startup.HostConfig.deployDirectory Deployment of web application directory [/Users/jeraltan/myWebProject/tomcat/webapps/hello] has finished in [14] ms
10-Mar-2020 16:23:06.976 INFO [main] org.apache.catalina.startup.HostConfig.deployDirectory Deploying web application directory [/Users/jeraltan/myWebProject/tomcat/webapps/host-manager]
10-Mar-2020 16:23:07.178 INFO [main] org.apache.jasper.servlet.TldScanner.scanJars At least one JAR was scanned for TLDs yet contained no TLDs. Enable debug logging for this logger for a complete list of JARs that were scanned but no TLDs were found in them. Skipping unneeded JARs during scanning can improve startup time and JSP compilation time.
10-Mar-2020 16:23:07.180 INFO [main] org.apache.catalina.startup.HostConfig.deployDirectory Deployment of web application directory [/Users/jeraltan/myWebProject/tomcat/webapps/host-manager] has finished in [204] ms
10-Mar-2020 16:23:07.185 INFO [main] org.apache.coyote.AbstractProtocol.start Starting ProtocolHandler ["http-nio-9999"]
10-Mar-2020 16:23:07.191 INFO [main] org.apache.catalina.startup.Catalina.start Server startup in [1,921] milliseconds
10-Mar-2020 16:27:37.569 INFO [Catalina-utility-2] org.apache.catalina.core.StandardContext.reload Reloading Context with name [/ebookshop] has started
10-Mar-2020 16:27:37.787 INFO [Catalina-utility-2] org.apache.jasper.servlet.TldScanner.scanJars At least one JAR was scanned for TLDs yet contained no TLDs. Enable debug logging for this logger for a complete list of JARs that were scanned but no TLDs were found in them. Skipping unneeded JARs during scanning can improve startup time and JSP compilation time.
10-Mar-2020 16:27:37.789 INFO [Catalina-utility-2] org.apache.catalina.core.StandardContext.reload Reloading Context with name [/ebookshop] is completed
10-Mar-2020 16:27:40.402 INFO [main] org.apache.catalina.core.StandardServer.await A valid shutdown command was received via the shutdown port. Stopping the Server instance.
10-Mar-2020 16:27:40.403 INFO [main] org.apache.coyote.AbstractProtocol.pause Pausing ProtocolHandler ["http-nio-9999"]
10-Mar-2020 16:27:40.405 INFO [main] org.apache.catalina.core.StandardService.stopInternal Stopping service [Catalina]
10-Mar-2020 16:27:40.429 INFO [main] org.apache.coyote.AbstractProtocol.stop Stopping ProtocolHandler ["http-nio-9999"]
10-Mar-2020 16:27:40.432 INFO [main] org.apache.coyote.AbstractProtocol.destroy Destroying ProtocolHandler ["http-nio-9999"]
10-Mar-2020 16:27:45.158 INFO [main] org.apache.catalina.startup.VersionLoggerListener.log Server version name:   Apache Tomcat/9.0.31
10-Mar-2020 16:27:45.161 INFO [main] org.apache.catalina.startup.VersionLoggerListener.log Server built:          Feb 5 2020 19:32:12 UTC
10-Mar-2020 16:27:45.161 INFO [main] org.apache.catalina.startup.VersionLoggerListener.log Server version number: 9.0.31.0
10-Mar-2020 16:27:45.161 INFO [main] org.apache.catalina.startup.VersionLoggerListener.log OS Name:               Mac OS X
10-Mar-2020 16:27:45.162 INFO [main] org.apache.catalina.startup.VersionLoggerListener.log OS Version:            10.15.1
10-Mar-2020 16:27:45.162 INFO [main] org.apache.catalina.startup.VersionLoggerListener.log Architecture:          x86_64
10-Mar-2020 16:27:45.162 INFO [main] org.apache.catalina.startup.VersionLoggerListener.log Java Home:             /Library/Java/JavaVirtualMachines/jdk-13.0.2.jdk/Contents/Home
10-Mar-2020 16:27:45.162 INFO [main] org.apache.catalina.startup.VersionLoggerListener.log JVM Version:           13.0.2+8
10-Mar-2020 16:27:45.162 INFO [main] org.apache.catalina.startup.VersionLoggerListener.log JVM Vendor:            Oracle Corporation
10-Mar-2020 16:27:45.162 INFO [main] org.apache.catalina.startup.VersionLoggerListener.log CATALINA_BASE:         /Users/jeraltan/myWebProject/tomcat
10-Mar-2020 16:27:45.162 INFO [main] org.apache.catalina.startup.VersionLoggerListener.log CATALINA_HOME:         /Users/jeraltan/myWebProject/tomcat
10-Mar-2020 16:27:45.175 INFO [main] org.apache.catalina.startup.VersionLoggerListener.log Command line argument: --add-opens=java.base/java.lang=ALL-UNNAMED
10-Mar-2020 16:27:45.176 INFO [main] org.apache.catalina.startup.VersionLoggerListener.log Command line argument: --add-opens=java.base/java.io=ALL-UNNAMED
10-Mar-2020 16:27:45.176 INFO [main] org.apache.catalina.startup.VersionLoggerListener.log Command line argument: --add-opens=java.rmi/sun.rmi.transport=ALL-UNNAMED
10-Mar-2020 16:27:45.176 INFO [main] org.apache.catalina.startup.VersionLoggerListener.log Command line argument: -Djava.util.logging.config.file=/Users/jeraltan/myWebProject/tomcat/conf/logging.properties
10-Mar-2020 16:27:45.176 INFO [main] org.apache.catalina.startup.VersionLoggerListener.log Command line argument: -Djava.util.logging.manager=org.apache.juli.ClassLoaderLogManager
10-Mar-2020 16:27:45.176 INFO [main] org.apache.catalina.startup.VersionLoggerListener.log Command line argument: -Djdk.tls.ephemeralDHKeySize=2048
10-Mar-2020 16:27:45.176 INFO [main] org.apache.catalina.startup.VersionLoggerListener.log Command line argument: -Djava.protocol.handler.pkgs=org.apache.catalina.webresources
10-Mar-2020 16:27:45.176 INFO [main] org.apache.catalina.startup.VersionLoggerListener.log Command line argument: -Dorg.apache.catalina.security.SecurityListener.UMASK=0027
10-Mar-2020 16:27:45.176 INFO [main] org.apache.catalina.startup.VersionLoggerListener.log Command line argument: -Dignore.endorsed.dirs=
10-Mar-2020 16:27:45.176 INFO [main] org.apache.catalina.startup.VersionLoggerListener.log Command line argument: -Dcatalina.base=/Users/jeraltan/myWebProject/tomcat
10-Mar-2020 16:27:45.177 INFO [main] org.apache.catalina.startup.VersionLoggerListener.log Command line argument: -Dcatalina.home=/Users/jeraltan/myWebProject/tomcat
10-Mar-2020 16:27:45.177 INFO [main] org.apache.catalina.startup.VersionLoggerListener.log Command line argument: -Djava.io.tmpdir=/Users/jeraltan/myWebProject/tomcat/temp
10-Mar-2020 16:27:45.177 INFO [main] org.apache.catalina.core.AprLifecycleListener.lifecycleEvent The APR based Apache Tomcat Native library which allows optimal performance in production environments was not found on the java.library.path: [/Users/jeraltan/Library/Java/Extensions:/Library/Java/Extensions:/Network/Library/Java/Extensions:/System/Library/Java/Extensions:/usr/lib/java:.]
10-Mar-2020 16:27:45.404 INFO [main] org.apache.coyote.AbstractProtocol.init Initializing ProtocolHandler ["http-nio-9999"]
10-Mar-2020 16:27:45.443 INFO [main] org.apache.catalina.startup.Catalina.load Server initialization in [454] milliseconds
10-Mar-2020 16:27:45.474 INFO [main] org.apache.catalina.core.StandardService.startInternal Starting service [Catalina]
10-Mar-2020 16:27:45.474 INFO [main] org.apache.catalina.core.StandardEngine.startInternal Starting Servlet engine: [Apache Tomcat/9.0.31]
10-Mar-2020 16:27:45.482 INFO [main] org.apache.catalina.startup.HostConfig.deployDirectory Deploying web application directory [/Users/jeraltan/myWebProject/tomcat/webapps/ebookshop]
10-Mar-2020 16:27:45.925 INFO [main] org.apache.jasper.servlet.TldScanner.scanJars At least one JAR was scanned for TLDs yet contained no TLDs. Enable debug logging for this logger for a complete list of JARs that were scanned but no TLDs were found in them. Skipping unneeded JARs during scanning can improve startup time and JSP compilation time.
10-Mar-2020 16:27:45.954 INFO [main] org.apache.catalina.startup.HostConfig.deployDirectory Deployment of web application directory [/Users/jeraltan/myWebProject/tomcat/webapps/ebookshop] has finished in [472] ms
10-Mar-2020 16:27:45.954 INFO [main] org.apache.catalina.startup.HostConfig.deployDirectory Deploying web application directory [/Users/jeraltan/myWebProject/tomcat/webapps/docs]
10-Mar-2020 16:27:46.183 INFO [main] org.apache.jasper.servlet.TldScanner.scanJars At least one JAR was scanned for TLDs yet contained no TLDs. Enable debug logging for this logger for a complete list of JARs that were scanned but no TLDs were found in them. Skipping unneeded JARs during scanning can improve startup time and JSP compilation time.
10-Mar-2020 16:27:46.185 INFO [main] org.apache.catalina.startup.HostConfig.deployDirectory Deployment of web application directory [/Users/jeraltan/myWebProject/tomcat/webapps/docs] has finished in [231] ms
10-Mar-2020 16:27:46.185 INFO [main] org.apache.catalina.startup.HostConfig.deployDirectory Deploying web application directory [/Users/jeraltan/myWebProject/tomcat/webapps/manager]
10-Mar-2020 16:27:46.403 INFO [main] org.apache.jasper.servlet.TldScanner.scanJars At least one JAR was scanned for TLDs yet contained no TLDs. Enable debug logging for this logger for a complete list of JARs that were scanned but no TLDs were found in them. Skipping unneeded JARs during scanning can improve startup time and JSP compilation time.
10-Mar-2020 16:27:46.408 INFO [main] org.apache.catalina.startup.HostConfig.deployDirectory Deployment of web application directory [/Users/jeraltan/myWebProject/tomcat/webapps/manager] has finished in [223] ms
10-Mar-2020 16:27:46.409 INFO [main] org.apache.catalina.startup.HostConfig.deployDirectory Deploying web application directory [/Users/jeraltan/myWebProject/tomcat/webapps/examples]
10-Mar-2020 16:27:46.760 INFO [main] org.apache.jasper.servlet.TldScanner.scanJars At least one JAR was scanned for TLDs yet contained no TLDs. Enable debug logging for this logger for a complete list of JARs that were scanned but no TLDs were found in them. Skipping unneeded JARs during scanning can improve startup time and JSP compilation time.
10-Mar-2020 16:27:46.773 INFO [main] org.apache.catalina.startup.HostConfig.deployDirectory Deployment of web application directory [/Users/jeraltan/myWebProject/tomcat/webapps/examples] has finished in [365] ms
10-Mar-2020 16:27:46.774 INFO [main] org.apache.catalina.startup.HostConfig.deployDirectory Deploying web application directory [/Users/jeraltan/myWebProject/tomcat/webapps/ROOT]
10-Mar-2020 16:27:46.970 INFO [main] org.apache.jasper.servlet.TldScanner.scanJars At least one JAR was scanned for TLDs yet contained no TLDs. Enable debug logging for this logger for a complete list of JARs that were scanned but no TLDs were found in them. Skipping unneeded JARs during scanning can improve startup time and JSP compilation time.
10-Mar-2020 16:27:46.971 INFO [main] org.apache.catalina.startup.HostConfig.deployDirectory Deployment of web application directory [/Users/jeraltan/myWebProject/tomcat/webapps/ROOT] has finished in [197] ms
10-Mar-2020 16:27:46.971 INFO [main] org.apache.catalina.startup.HostConfig.deployDirectory Deploying web application directory [/Users/jeraltan/myWebProject/tomcat/webapps/hello]
10-Mar-2020 16:27:46.982 SEVERE [main] org.apache.catalina.startup.HostConfig.deployDirectory Error deploying web application directory [/Users/jeraltan/myWebProject/tomcat/webapps/hello]
	java.lang.IllegalStateException: Error starting child
		at org.apache.catalina.core.ContainerBase.addChildInternal(ContainerBase.java:720)
		at org.apache.catalina.core.ContainerBase.addChild(ContainerBase.java:690)
		at org.apache.catalina.core.StandardHost.addChild(StandardHost.java:705)
		at org.apache.catalina.startup.HostConfig.deployDirectory(HostConfig.java:1133)
		at org.apache.catalina.startup.HostConfig$DeployDirectory.run(HostConfig.java:1867)
		at java.base/java.util.concurrent.Executors$RunnableAdapter.call(Executors.java:515)
		at java.base/java.util.concurrent.FutureTask.run(FutureTask.java:264)
		at org.apache.tomcat.util.threads.InlineExecutorService.execute(InlineExecutorService.java:75)
		at java.base/java.util.concurrent.AbstractExecutorService.submit(AbstractExecutorService.java:118)
		at org.apache.catalina.startup.HostConfig.deployDirectories(HostConfig.java:1045)
		at org.apache.catalina.startup.HostConfig.deployApps(HostConfig.java:429)
		at org.apache.catalina.startup.HostConfig.start(HostConfig.java:1576)
		at org.apache.catalina.startup.HostConfig.lifecycleEvent(HostConfig.java:309)
		at org.apache.catalina.util.LifecycleBase.fireLifecycleEvent(LifecycleBase.java:123)
		at org.apache.catalina.util.LifecycleBase.setStateInternal(LifecycleBase.java:423)
		at org.apache.catalina.util.LifecycleBase.setState(LifecycleBase.java:366)
		at org.apache.catalina.core.ContainerBase.startInternal(ContainerBase.java:936)
		at org.apache.catalina.core.StandardHost.startInternal(StandardHost.java:841)
		at org.apache.catalina.util.LifecycleBase.start(LifecycleBase.java:183)
		at org.apache.catalina.core.ContainerBase$StartChild.call(ContainerBase.java:1384)
		at org.apache.catalina.core.ContainerBase$StartChild.call(ContainerBase.java:1374)
		at java.base/java.util.concurrent.FutureTask.run(FutureTask.java:264)
		at org.apache.tomcat.util.threads.InlineExecutorService.execute(InlineExecutorService.java:75)
		at java.base/java.util.concurrent.AbstractExecutorService.submit(AbstractExecutorService.java:140)
		at org.apache.catalina.core.ContainerBase.startInternal(ContainerBase.java:909)
		at org.apache.catalina.core.StandardEngine.startInternal(StandardEngine.java:262)
		at org.apache.catalina.util.LifecycleBase.start(LifecycleBase.java:183)
		at org.apache.catalina.core.StandardService.startInternal(StandardService.java:421)
		at org.apache.catalina.util.LifecycleBase.start(LifecycleBase.java:183)
		at org.apache.catalina.core.StandardServer.startInternal(StandardServer.java:930)
		at org.apache.catalina.util.LifecycleBase.start(LifecycleBase.java:183)
		at org.apache.catalina.startup.Catalina.start(Catalina.java:633)
		at java.base/jdk.internal.reflect.NativeMethodAccessorImpl.invoke0(Native Method)
		at java.base/jdk.internal.reflect.NativeMethodAccessorImpl.invoke(NativeMethodAccessorImpl.java:62)
		at java.base/jdk.internal.reflect.DelegatingMethodAccessorImpl.invoke(DelegatingMethodAccessorImpl.java:43)
		at java.base/java.lang.reflect.Method.invoke(Method.java:567)
		at org.apache.catalina.startup.Bootstrap.start(Bootstrap.java:343)
		at org.apache.catalina.startup.Bootstrap.main(Bootstrap.java:474)
	Caused by: org.apache.catalina.LifecycleException: Failed to start component [StandardEngine[Catalina].StandardHost[localhost].StandardContext[/hello]]
		at org.apache.catalina.util.LifecycleBase.handleSubClassException(LifecycleBase.java:440)
		at org.apache.catalina.util.LifecycleBase.start(LifecycleBase.java:198)
		at org.apache.catalina.core.ContainerBase.addChildInternal(ContainerBase.java:717)
		... 37 more
	Caused by: java.lang.IllegalArgumentException: The servlets named [QueryMultiValueServlet] and [QueryServlet] are both mapped to the url-pattern [/query] which is not permitted
		at org.apache.tomcat.util.descriptor.web.WebXml.addServletMappingDecoded(WebXml.java:342)
		at org.apache.tomcat.util.descriptor.web.WebXml.addServletMapping(WebXml.java:335)
		at org.apache.catalina.startup.ContextConfig.processAnnotationWebServlet(ContextConfig.java:2465)
		at org.apache.catalina.startup.ContextConfig.processClass(ContextConfig.java:2141)
		at org.apache.catalina.startup.ContextConfig.processAnnotationsStream(ContextConfig.java:2130)
		at org.apache.catalina.startup.ContextConfig.processAnnotationsWebResource(ContextConfig.java:2022)
		at org.apache.catalina.startup.ContextConfig.processClasses(ContextConfig.java:1233)
		at org.apache.catalina.startup.ContextConfig.webConfig(ContextConfig.java:1142)
		at org.apache.catalina.startup.ContextConfig.configureStart(ContextConfig.java:774)
		at org.apache.catalina.startup.ContextConfig.lifecycleEvent(ContextConfig.java:301)
		at org.apache.catalina.util.LifecycleBase.fireLifecycleEvent(LifecycleBase.java:123)
		at org.apache.catalina.core.StandardContext.startInternal(StandardContext.java:5051)
		at org.apache.catalina.util.LifecycleBase.start(LifecycleBase.java:183)
		... 38 more
10-Mar-2020 16:27:46.984 INFO [main] org.apache.catalina.startup.HostConfig.deployDirectory Deployment of web application directory [/Users/jeraltan/myWebProject/tomcat/webapps/hello] has finished in [13] ms
10-Mar-2020 16:27:46.985 INFO [main] org.apache.catalina.startup.HostConfig.deployDirectory Deploying web application directory [/Users/jeraltan/myWebProject/tomcat/webapps/host-manager]
10-Mar-2020 16:27:47.173 INFO [main] org.apache.jasper.servlet.TldScanner.scanJars At least one JAR was scanned for TLDs yet contained no TLDs. Enable debug logging for this logger for a complete list of JARs that were scanned but no TLDs were found in them. Skipping unneeded JARs during scanning can improve startup time and JSP compilation time.
10-Mar-2020 16:27:47.175 INFO [main] org.apache.catalina.startup.HostConfig.deployDirectory Deployment of web application directory [/Users/jeraltan/myWebProject/tomcat/webapps/host-manager] has finished in [190] ms
10-Mar-2020 16:27:47.180 INFO [main] org.apache.coyote.AbstractProtocol.start Starting ProtocolHandler ["http-nio-9999"]
10-Mar-2020 16:27:47.187 INFO [main] org.apache.catalina.startup.Catalina.start Server startup in [1,743] milliseconds
10-Mar-2020 17:55:17.336 INFO [Catalina-utility-1] org.apache.catalina.startup.HostConfig.deployDirectory Deploying web application directory [/Users/jeraltan/myWebProject/tomcat/webapps/untitled folder]
10-Mar-2020 17:55:17.941 INFO [Catalina-utility-1] org.apache.jasper.servlet.TldScanner.scanJars At least one JAR was scanned for TLDs yet contained no TLDs. Enable debug logging for this logger for a complete list of JARs that were scanned but no TLDs were found in them. Skipping unneeded JARs during scanning can improve startup time and JSP compilation time.
10-Mar-2020 17:55:17.944 INFO [Catalina-utility-1] org.apache.catalina.startup.HostConfig.deployDirectory Deployment of web application directory [/Users/jeraltan/myWebProject/tomcat/webapps/untitled folder] has finished in [613] ms
10-Mar-2020 17:55:48.486 INFO [Catalina-utility-2] org.apache.catalina.startup.HostConfig.undeploy Undeploying context [/untitled folder]
10-Mar-2020 17:55:48.520 INFO [Catalina-utility-2] org.apache.catalina.startup.HostConfig.deployDirectory Deploying web application directory [/Users/jeraltan/myWebProject/tomcat/webapps/eflowershop]
10-Mar-2020 17:55:48.760 INFO [Catalina-utility-2] org.apache.jasper.servlet.TldScanner.scanJars At least one JAR was scanned for TLDs yet contained no TLDs. Enable debug logging for this logger for a complete list of JARs that were scanned but no TLDs were found in them. Skipping unneeded JARs during scanning can improve startup time and JSP compilation time.
10-Mar-2020 17:55:48.762 INFO [Catalina-utility-2] org.apache.catalina.startup.HostConfig.deployDirectory Deployment of web application directory [/Users/jeraltan/myWebProject/tomcat/webapps/eflowershop] has finished in [242] ms
