20-Feb-2020 15:53:44.671 INFO [main] org.apache.catalina.startup.VersionLoggerListener.log Server version name:   Apache Tomcat/9.0.31
20-Feb-2020 15:53:44.674 INFO [main] org.apache.catalina.startup.VersionLoggerListener.log Server built:          Feb 5 2020 19:32:12 UTC
20-Feb-2020 15:53:44.675 INFO [main] org.apache.catalina.startup.VersionLoggerListener.log Server version number: 9.0.31.0
20-Feb-2020 15:53:44.675 INFO [main] org.apache.catalina.startup.VersionLoggerListener.log OS Name:               Mac OS X
20-Feb-2020 15:53:44.675 INFO [main] org.apache.catalina.startup.VersionLoggerListener.log OS Version:            10.15.1
20-Feb-2020 15:53:44.675 INFO [main] org.apache.catalina.startup.VersionLoggerListener.log Architecture:          x86_64
20-Feb-2020 15:53:44.675 INFO [main] org.apache.catalina.startup.VersionLoggerListener.log Java Home:             /Library/Java/JavaVirtualMachines/jdk-13.0.2.jdk/Contents/Home
20-Feb-2020 15:53:44.675 INFO [main] org.apache.catalina.startup.VersionLoggerListener.log JVM Version:           13.0.2+8
20-Feb-2020 15:53:44.675 INFO [main] org.apache.catalina.startup.VersionLoggerListener.log JVM Vendor:            Oracle Corporation
20-Feb-2020 15:53:44.676 INFO [main] org.apache.catalina.startup.VersionLoggerListener.log CATALINA_BASE:         /Users/jeraltan/myWebProject/tomcat
20-Feb-2020 15:53:44.676 INFO [main] org.apache.catalina.startup.VersionLoggerListener.log CATALINA_HOME:         /Users/jeraltan/myWebProject/tomcat
20-Feb-2020 15:53:44.699 INFO [main] org.apache.catalina.startup.VersionLoggerListener.log Command line argument: --add-opens=java.base/java.lang=ALL-UNNAMED
20-Feb-2020 15:53:44.699 INFO [main] org.apache.catalina.startup.VersionLoggerListener.log Command line argument: --add-opens=java.base/java.io=ALL-UNNAMED
20-Feb-2020 15:53:44.699 INFO [main] org.apache.catalina.startup.VersionLoggerListener.log Command line argument: --add-opens=java.rmi/sun.rmi.transport=ALL-UNNAMED
20-Feb-2020 15:53:44.699 INFO [main] org.apache.catalina.startup.VersionLoggerListener.log Command line argument: -Djava.util.logging.config.file=/Users/jeraltan/myWebProject/tomcat/conf/logging.properties
20-Feb-2020 15:53:44.699 INFO [main] org.apache.catalina.startup.VersionLoggerListener.log Command line argument: -Djava.util.logging.manager=org.apache.juli.ClassLoaderLogManager
20-Feb-2020 15:53:44.699 INFO [main] org.apache.catalina.startup.VersionLoggerListener.log Command line argument: -Djdk.tls.ephemeralDHKeySize=2048
20-Feb-2020 15:53:44.700 INFO [main] org.apache.catalina.startup.VersionLoggerListener.log Command line argument: -Djava.protocol.handler.pkgs=org.apache.catalina.webresources
20-Feb-2020 15:53:44.700 INFO [main] org.apache.catalina.startup.VersionLoggerListener.log Command line argument: -Dorg.apache.catalina.security.SecurityListener.UMASK=0027
20-Feb-2020 15:53:44.700 INFO [main] org.apache.catalina.startup.VersionLoggerListener.log Command line argument: -Dignore.endorsed.dirs=
20-Feb-2020 15:53:44.700 INFO [main] org.apache.catalina.startup.VersionLoggerListener.log Command line argument: -Dcatalina.base=/Users/jeraltan/myWebProject/tomcat
20-Feb-2020 15:53:44.700 INFO [main] org.apache.catalina.startup.VersionLoggerListener.log Command line argument: -Dcatalina.home=/Users/jeraltan/myWebProject/tomcat
20-Feb-2020 15:53:44.700 INFO [main] org.apache.catalina.startup.VersionLoggerListener.log Command line argument: -Djava.io.tmpdir=/Users/jeraltan/myWebProject/tomcat/temp
20-Feb-2020 15:53:44.700 INFO [main] org.apache.catalina.core.AprLifecycleListener.lifecycleEvent The APR based Apache Tomcat Native library which allows optimal performance in production environments was not found on the java.library.path: [/Users/jeraltan/Library/Java/Extensions:/Library/Java/Extensions:/Network/Library/Java/Extensions:/System/Library/Java/Extensions:/usr/lib/java:.]
20-Feb-2020 15:53:44.949 INFO [main] org.apache.coyote.AbstractProtocol.init Initializing ProtocolHandler ["http-nio-9999"]
20-Feb-2020 15:53:45.002 INFO [main] org.apache.catalina.startup.Catalina.load Server initialization in [551] milliseconds
20-Feb-2020 15:53:45.039 INFO [main] org.apache.catalina.core.StandardService.startInternal Starting service [Catalina]
20-Feb-2020 15:53:45.039 INFO [main] org.apache.catalina.core.StandardEngine.startInternal Starting Servlet engine: [Apache Tomcat/9.0.31]
20-Feb-2020 15:53:45.049 INFO [main] org.apache.catalina.startup.HostConfig.deployDirectory Deploying web application directory [/Users/jeraltan/myWebProject/tomcat/webapps/docs]
20-Feb-2020 15:53:45.311 INFO [main] org.apache.catalina.startup.HostConfig.deployDirectory Deployment of web application directory [/Users/jeraltan/myWebProject/tomcat/webapps/docs] has finished in [262] ms
20-Feb-2020 15:53:45.311 INFO [main] org.apache.catalina.startup.HostConfig.deployDirectory Deploying web application directory [/Users/jeraltan/myWebProject/tomcat/webapps/manager]
20-Feb-2020 15:53:45.342 INFO [main] org.apache.catalina.startup.HostConfig.deployDirectory Deployment of web application directory [/Users/jeraltan/myWebProject/tomcat/webapps/manager] has finished in [31] ms
20-Feb-2020 15:53:45.343 INFO [main] org.apache.catalina.startup.HostConfig.deployDirectory Deploying web application directory [/Users/jeraltan/myWebProject/tomcat/webapps/examples]
20-Feb-2020 15:53:45.587 INFO [main] org.apache.catalina.startup.HostConfig.deployDirectory Deployment of web application directory [/Users/jeraltan/myWebProject/tomcat/webapps/examples] has finished in [244] ms
20-Feb-2020 15:53:45.588 INFO [main] org.apache.catalina.startup.HostConfig.deployDirectory Deploying web application directory [/Users/jeraltan/myWebProject/tomcat/webapps/ROOT]
20-Feb-2020 15:53:45.603 INFO [main] org.apache.catalina.startup.HostConfig.deployDirectory Deployment of web application directory [/Users/jeraltan/myWebProject/tomcat/webapps/ROOT] has finished in [15] ms
20-Feb-2020 15:53:45.603 INFO [main] org.apache.catalina.startup.HostConfig.deployDirectory Deploying web application directory [/Users/jeraltan/myWebProject/tomcat/webapps/host-manager]
20-Feb-2020 15:53:45.621 INFO [main] org.apache.catalina.startup.HostConfig.deployDirectory Deployment of web application directory [/Users/jeraltan/myWebProject/tomcat/webapps/host-manager] has finished in [18] ms
20-Feb-2020 15:53:45.627 INFO [main] org.apache.coyote.AbstractProtocol.start Starting ProtocolHandler ["http-nio-9999"]
20-Feb-2020 15:53:45.635 INFO [main] org.apache.catalina.startup.Catalina.start Server startup in [631] milliseconds
20-Feb-2020 15:55:35.781 INFO [Catalina-utility-2] org.apache.catalina.startup.HostConfig.deployDirectory Deploying web application directory [/Users/jeraltan/myWebProject/tomcat/webapps/hello]
20-Feb-2020 15:55:35.818 INFO [Catalina-utility-2] org.apache.catalina.startup.HostConfig.deployDirectory Deployment of web application directory [/Users/jeraltan/myWebProject/tomcat/webapps/hello] has finished in [36] ms
20-Feb-2020 15:56:30.710 INFO [Thread-3] org.apache.coyote.AbstractProtocol.pause Pausing ProtocolHandler ["http-nio-9999"]
20-Feb-2020 15:56:30.718 INFO [Thread-3] org.apache.catalina.core.StandardService.stopInternal Stopping service [Catalina]
20-Feb-2020 15:56:30.761 INFO [Thread-3] org.apache.coyote.AbstractProtocol.stop Stopping ProtocolHandler ["http-nio-9999"]
20-Feb-2020 15:56:30.764 INFO [Thread-3] org.apache.coyote.AbstractProtocol.destroy Destroying ProtocolHandler ["http-nio-9999"]
20-Feb-2020 15:57:03.707 INFO [main] org.apache.catalina.startup.VersionLoggerListener.log Server version name:   Apache Tomcat/9.0.31
20-Feb-2020 15:57:03.710 INFO [main] org.apache.catalina.startup.VersionLoggerListener.log Server built:          Feb 5 2020 19:32:12 UTC
20-Feb-2020 15:57:03.711 INFO [main] org.apache.catalina.startup.VersionLoggerListener.log Server version number: 9.0.31.0
20-Feb-2020 15:57:03.711 INFO [main] org.apache.catalina.startup.VersionLoggerListener.log OS Name:               Mac OS X
20-Feb-2020 15:57:03.711 INFO [main] org.apache.catalina.startup.VersionLoggerListener.log OS Version:            10.15.1
20-Feb-2020 15:57:03.711 INFO [main] org.apache.catalina.startup.VersionLoggerListener.log Architecture:          x86_64
20-Feb-2020 15:57:03.711 INFO [main] org.apache.catalina.startup.VersionLoggerListener.log Java Home:             /Library/Java/JavaVirtualMachines/jdk-13.0.2.jdk/Contents/Home
20-Feb-2020 15:57:03.711 INFO [main] org.apache.catalina.startup.VersionLoggerListener.log JVM Version:           13.0.2+8
20-Feb-2020 15:57:03.711 INFO [main] org.apache.catalina.startup.VersionLoggerListener.log JVM Vendor:            Oracle Corporation
20-Feb-2020 15:57:03.712 INFO [main] org.apache.catalina.startup.VersionLoggerListener.log CATALINA_BASE:         /Users/jeraltan/myWebProject/tomcat
20-Feb-2020 15:57:03.712 INFO [main] org.apache.catalina.startup.VersionLoggerListener.log CATALINA_HOME:         /Users/jeraltan/myWebProject/tomcat
20-Feb-2020 15:57:03.726 INFO [main] org.apache.catalina.startup.VersionLoggerListener.log Command line argument: --add-opens=java.base/java.lang=ALL-UNNAMED
20-Feb-2020 15:57:03.726 INFO [main] org.apache.catalina.startup.VersionLoggerListener.log Command line argument: --add-opens=java.base/java.io=ALL-UNNAMED
20-Feb-2020 15:57:03.726 INFO [main] org.apache.catalina.startup.VersionLoggerListener.log Command line argument: --add-opens=java.rmi/sun.rmi.transport=ALL-UNNAMED
20-Feb-2020 15:57:03.727 INFO [main] org.apache.catalina.startup.VersionLoggerListener.log Command line argument: -Djava.util.logging.config.file=/Users/jeraltan/myWebProject/tomcat/conf/logging.properties
20-Feb-2020 15:57:03.727 INFO [main] org.apache.catalina.startup.VersionLoggerListener.log Command line argument: -Djava.util.logging.manager=org.apache.juli.ClassLoaderLogManager
20-Feb-2020 15:57:03.727 INFO [main] org.apache.catalina.startup.VersionLoggerListener.log Command line argument: -Djdk.tls.ephemeralDHKeySize=2048
20-Feb-2020 15:57:03.727 INFO [main] org.apache.catalina.startup.VersionLoggerListener.log Command line argument: -Djava.protocol.handler.pkgs=org.apache.catalina.webresources
20-Feb-2020 15:57:03.727 INFO [main] org.apache.catalina.startup.VersionLoggerListener.log Command line argument: -Dorg.apache.catalina.security.SecurityListener.UMASK=0027
20-Feb-2020 15:57:03.727 INFO [main] org.apache.catalina.startup.VersionLoggerListener.log Command line argument: -Dignore.endorsed.dirs=
20-Feb-2020 15:57:03.727 INFO [main] org.apache.catalina.startup.VersionLoggerListener.log Command line argument: -Dcatalina.base=/Users/jeraltan/myWebProject/tomcat
20-Feb-2020 15:57:03.727 INFO [main] org.apache.catalina.startup.VersionLoggerListener.log Command line argument: -Dcatalina.home=/Users/jeraltan/myWebProject/tomcat
20-Feb-2020 15:57:03.727 INFO [main] org.apache.catalina.startup.VersionLoggerListener.log Command line argument: -Djava.io.tmpdir=/Users/jeraltan/myWebProject/tomcat/temp
20-Feb-2020 15:57:03.728 INFO [main] org.apache.catalina.core.AprLifecycleListener.lifecycleEvent The APR based Apache Tomcat Native library which allows optimal performance in production environments was not found on the java.library.path: [/Users/jeraltan/Library/Java/Extensions:/Library/Java/Extensions:/Network/Library/Java/Extensions:/System/Library/Java/Extensions:/usr/lib/java:.]
20-Feb-2020 15:57:03.933 INFO [main] org.apache.coyote.AbstractProtocol.init Initializing ProtocolHandler ["http-nio-9999"]
20-Feb-2020 15:57:03.972 INFO [main] org.apache.catalina.startup.Catalina.load Server initialization in [435] milliseconds
20-Feb-2020 15:57:04.004 INFO [main] org.apache.catalina.core.StandardService.startInternal Starting service [Catalina]
20-Feb-2020 15:57:04.004 INFO [main] org.apache.catalina.core.StandardEngine.startInternal Starting Servlet engine: [Apache Tomcat/9.0.31]
20-Feb-2020 15:57:04.014 INFO [main] org.apache.catalina.startup.HostConfig.deployDirectory Deploying web application directory [/Users/jeraltan/myWebProject/tomcat/webapps/docs]
20-Feb-2020 15:57:04.201 INFO [main] org.apache.catalina.startup.HostConfig.deployDirectory Deployment of web application directory [/Users/jeraltan/myWebProject/tomcat/webapps/docs] has finished in [186] ms
20-Feb-2020 15:57:04.202 INFO [main] org.apache.catalina.startup.HostConfig.deployDirectory Deploying web application directory [/Users/jeraltan/myWebProject/tomcat/webapps/manager]
20-Feb-2020 15:57:04.230 INFO [main] org.apache.catalina.startup.HostConfig.deployDirectory Deployment of web application directory [/Users/jeraltan/myWebProject/tomcat/webapps/manager] has finished in [29] ms
20-Feb-2020 15:57:04.230 INFO [main] org.apache.catalina.startup.HostConfig.deployDirectory Deploying web application directory [/Users/jeraltan/myWebProject/tomcat/webapps/examples]
20-Feb-2020 15:57:04.446 INFO [main] org.apache.catalina.startup.HostConfig.deployDirectory Deployment of web application directory [/Users/jeraltan/myWebProject/tomcat/webapps/examples] has finished in [216] ms
20-Feb-2020 15:57:04.446 INFO [main] org.apache.catalina.startup.HostConfig.deployDirectory Deploying web application directory [/Users/jeraltan/myWebProject/tomcat/webapps/ROOT]
20-Feb-2020 15:57:04.462 INFO [main] org.apache.catalina.startup.HostConfig.deployDirectory Deployment of web application directory [/Users/jeraltan/myWebProject/tomcat/webapps/ROOT] has finished in [16] ms
20-Feb-2020 15:57:04.462 INFO [main] org.apache.catalina.startup.HostConfig.deployDirectory Deploying web application directory [/Users/jeraltan/myWebProject/tomcat/webapps/hello]
20-Feb-2020 15:57:04.484 INFO [main] org.apache.catalina.startup.HostConfig.deployDirectory Deployment of web application directory [/Users/jeraltan/myWebProject/tomcat/webapps/hello] has finished in [21] ms
20-Feb-2020 15:57:04.484 INFO [main] org.apache.catalina.startup.HostConfig.deployDirectory Deploying web application directory [/Users/jeraltan/myWebProject/tomcat/webapps/host-manager]
20-Feb-2020 15:57:04.503 INFO [main] org.apache.catalina.startup.HostConfig.deployDirectory Deployment of web application directory [/Users/jeraltan/myWebProject/tomcat/webapps/host-manager] has finished in [19] ms
20-Feb-2020 15:57:04.508 INFO [main] org.apache.coyote.AbstractProtocol.start Starting ProtocolHandler ["http-nio-9999"]
20-Feb-2020 15:57:04.515 INFO [main] org.apache.catalina.startup.Catalina.start Server startup in [542] milliseconds
