11-Mar-2020 23:00:01.248 INFO [Catalina-utility-1] org.apache.catalina.core.StandardContext.reload Reloading Context with name [/ebookshop] has started
11-Mar-2020 23:00:02.303 INFO [Catalina-utility-1] org.apache.jasper.servlet.TldScanner.scanJars At least one JAR was scanned for TLDs yet contained no TLDs. Enable debug logging for this logger for a complete list of JARs that were scanned but no TLDs were found in them. Skipping unneeded JARs during scanning can improve startup time and JSP compilation time.
11-Mar-2020 23:00:02.314 INFO [Catalina-utility-1] org.apache.catalina.core.StandardContext.reload Reloading Context with name [/ebookshop] is completed
11-Mar-2020 23:02:45.556 INFO [main] org.apache.catalina.core.StandardServer.await A valid shutdown command was received via the shutdown port. Stopping the Server instance.
11-Mar-2020 23:02:45.559 INFO [main] org.apache.coyote.AbstractProtocol.pause Pausing ProtocolHandler ["http-nio-9999"]
11-Mar-2020 23:02:45.565 INFO [main] org.apache.catalina.core.StandardService.stopInternal Stopping service [Catalina]
11-Mar-2020 23:02:45.604 INFO [main] org.apache.coyote.AbstractProtocol.stop Stopping ProtocolHandler ["http-nio-9999"]
11-Mar-2020 23:02:45.613 INFO [main] org.apache.coyote.AbstractProtocol.destroy Destroying ProtocolHandler ["http-nio-9999"]
11-Mar-2020 23:02:49.844 INFO [main] org.apache.catalina.startup.VersionLoggerListener.log Server version name:   Apache Tomcat/9.0.31
11-Mar-2020 23:02:49.848 INFO [main] org.apache.catalina.startup.VersionLoggerListener.log Server built:          Feb 5 2020 19:32:12 UTC
11-Mar-2020 23:02:49.848 INFO [main] org.apache.catalina.startup.VersionLoggerListener.log Server version number: 9.0.31.0
11-Mar-2020 23:02:49.848 INFO [main] org.apache.catalina.startup.VersionLoggerListener.log OS Name:               Mac OS X
11-Mar-2020 23:02:49.848 INFO [main] org.apache.catalina.startup.VersionLoggerListener.log OS Version:            10.15.1
11-Mar-2020 23:02:49.848 INFO [main] org.apache.catalina.startup.VersionLoggerListener.log Architecture:          x86_64
11-Mar-2020 23:02:49.849 INFO [main] org.apache.catalina.startup.VersionLoggerListener.log Java Home:             /Library/Java/JavaVirtualMachines/jdk-13.0.2.jdk/Contents/Home
11-Mar-2020 23:02:49.849 INFO [main] org.apache.catalina.startup.VersionLoggerListener.log JVM Version:           13.0.2+8
11-Mar-2020 23:02:49.849 INFO [main] org.apache.catalina.startup.VersionLoggerListener.log JVM Vendor:            Oracle Corporation
11-Mar-2020 23:02:49.849 INFO [main] org.apache.catalina.startup.VersionLoggerListener.log CATALINA_BASE:         /Users/jeraltan/myWebProject/tomcat
11-Mar-2020 23:02:49.849 INFO [main] org.apache.catalina.startup.VersionLoggerListener.log CATALINA_HOME:         /Users/jeraltan/myWebProject/tomcat
11-Mar-2020 23:02:49.871 INFO [main] org.apache.catalina.startup.VersionLoggerListener.log Command line argument: --add-opens=java.base/java.lang=ALL-UNNAMED
11-Mar-2020 23:02:49.871 INFO [main] org.apache.catalina.startup.VersionLoggerListener.log Command line argument: --add-opens=java.base/java.io=ALL-UNNAMED
11-Mar-2020 23:02:49.871 INFO [main] org.apache.catalina.startup.VersionLoggerListener.log Command line argument: --add-opens=java.rmi/sun.rmi.transport=ALL-UNNAMED
11-Mar-2020 23:02:49.871 INFO [main] org.apache.catalina.startup.VersionLoggerListener.log Command line argument: -Djava.util.logging.config.file=/Users/jeraltan/myWebProject/tomcat/conf/logging.properties
11-Mar-2020 23:02:49.871 INFO [main] org.apache.catalina.startup.VersionLoggerListener.log Command line argument: -Djava.util.logging.manager=org.apache.juli.ClassLoaderLogManager
11-Mar-2020 23:02:49.871 INFO [main] org.apache.catalina.startup.VersionLoggerListener.log Command line argument: -Djdk.tls.ephemeralDHKeySize=2048
11-Mar-2020 23:02:49.871 INFO [main] org.apache.catalina.startup.VersionLoggerListener.log Command line argument: -Djava.protocol.handler.pkgs=org.apache.catalina.webresources
11-Mar-2020 23:02:49.872 INFO [main] org.apache.catalina.startup.VersionLoggerListener.log Command line argument: -Dorg.apache.catalina.security.SecurityListener.UMASK=0027
11-Mar-2020 23:02:49.872 INFO [main] org.apache.catalina.startup.VersionLoggerListener.log Command line argument: -Dignore.endorsed.dirs=
11-Mar-2020 23:02:49.872 INFO [main] org.apache.catalina.startup.VersionLoggerListener.log Command line argument: -Dcatalina.base=/Users/jeraltan/myWebProject/tomcat
11-Mar-2020 23:02:49.872 INFO [main] org.apache.catalina.startup.VersionLoggerListener.log Command line argument: -Dcatalina.home=/Users/jeraltan/myWebProject/tomcat
11-Mar-2020 23:02:49.872 INFO [main] org.apache.catalina.startup.VersionLoggerListener.log Command line argument: -Djava.io.tmpdir=/Users/jeraltan/myWebProject/tomcat/temp
11-Mar-2020 23:02:49.872 INFO [main] org.apache.catalina.core.AprLifecycleListener.lifecycleEvent The APR based Apache Tomcat Native library which allows optimal performance in production environments was not found on the java.library.path: [/Users/jeraltan/Library/Java/Extensions:/Library/Java/Extensions:/Network/Library/Java/Extensions:/System/Library/Java/Extensions:/usr/lib/java:.]
11-Mar-2020 23:02:50.131 INFO [main] org.apache.coyote.AbstractProtocol.init Initializing ProtocolHandler ["http-nio-9999"]
11-Mar-2020 23:02:50.173 INFO [main] org.apache.catalina.startup.Catalina.load Server initialization in [513] milliseconds
11-Mar-2020 23:02:50.210 INFO [main] org.apache.catalina.core.StandardService.startInternal Starting service [Catalina]
11-Mar-2020 23:02:50.210 INFO [main] org.apache.catalina.core.StandardEngine.startInternal Starting Servlet engine: [Apache Tomcat/9.0.31]
11-Mar-2020 23:02:50.218 INFO [main] org.apache.catalina.startup.HostConfig.deployDirectory Deploying web application directory [/Users/jeraltan/myWebProject/tomcat/webapps/ebookshop]
11-Mar-2020 23:02:50.693 INFO [main] org.apache.jasper.servlet.TldScanner.scanJars At least one JAR was scanned for TLDs yet contained no TLDs. Enable debug logging for this logger for a complete list of JARs that were scanned but no TLDs were found in them. Skipping unneeded JARs during scanning can improve startup time and JSP compilation time.
11-Mar-2020 23:02:50.732 INFO [main] org.apache.catalina.startup.HostConfig.deployDirectory Deployment of web application directory [/Users/jeraltan/myWebProject/tomcat/webapps/ebookshop] has finished in [514] ms
11-Mar-2020 23:02:50.732 INFO [main] org.apache.catalina.startup.HostConfig.deployDirectory Deploying web application directory [/Users/jeraltan/myWebProject/tomcat/webapps/docs]
11-Mar-2020 23:02:50.973 INFO [main] org.apache.jasper.servlet.TldScanner.scanJars At least one JAR was scanned for TLDs yet contained no TLDs. Enable debug logging for this logger for a complete list of JARs that were scanned but no TLDs were found in them. Skipping unneeded JARs during scanning can improve startup time and JSP compilation time.
11-Mar-2020 23:02:50.975 INFO [main] org.apache.catalina.startup.HostConfig.deployDirectory Deployment of web application directory [/Users/jeraltan/myWebProject/tomcat/webapps/docs] has finished in [243] ms
11-Mar-2020 23:02:50.975 INFO [main] org.apache.catalina.startup.HostConfig.deployDirectory Deploying web application directory [/Users/jeraltan/myWebProject/tomcat/webapps/manager]
11-Mar-2020 23:02:51.190 INFO [main] org.apache.jasper.servlet.TldScanner.scanJars At least one JAR was scanned for TLDs yet contained no TLDs. Enable debug logging for this logger for a complete list of JARs that were scanned but no TLDs were found in them. Skipping unneeded JARs during scanning can improve startup time and JSP compilation time.
11-Mar-2020 23:02:51.195 INFO [main] org.apache.catalina.startup.HostConfig.deployDirectory Deployment of web application directory [/Users/jeraltan/myWebProject/tomcat/webapps/manager] has finished in [220] ms
11-Mar-2020 23:02:51.196 INFO [main] org.apache.catalina.startup.HostConfig.deployDirectory Deploying web application directory [/Users/jeraltan/myWebProject/tomcat/webapps/examples]
11-Mar-2020 23:02:51.561 INFO [main] org.apache.jasper.servlet.TldScanner.scanJars At least one JAR was scanned for TLDs yet contained no TLDs. Enable debug logging for this logger for a complete list of JARs that were scanned but no TLDs were found in them. Skipping unneeded JARs during scanning can improve startup time and JSP compilation time.
11-Mar-2020 23:02:51.575 INFO [main] org.apache.catalina.startup.HostConfig.deployDirectory Deployment of web application directory [/Users/jeraltan/myWebProject/tomcat/webapps/examples] has finished in [379] ms
11-Mar-2020 23:02:51.575 INFO [main] org.apache.catalina.startup.HostConfig.deployDirectory Deploying web application directory [/Users/jeraltan/myWebProject/tomcat/webapps/ROOT]
11-Mar-2020 23:02:51.770 INFO [main] org.apache.jasper.servlet.TldScanner.scanJars At least one JAR was scanned for TLDs yet contained no TLDs. Enable debug logging for this logger for a complete list of JARs that were scanned but no TLDs were found in them. Skipping unneeded JARs during scanning can improve startup time and JSP compilation time.
11-Mar-2020 23:02:51.772 INFO [main] org.apache.catalina.startup.HostConfig.deployDirectory Deployment of web application directory [/Users/jeraltan/myWebProject/tomcat/webapps/ROOT] has finished in [197] ms
11-Mar-2020 23:02:51.772 INFO [main] org.apache.catalina.startup.HostConfig.deployDirectory Deploying web application directory [/Users/jeraltan/myWebProject/tomcat/webapps/hello]
11-Mar-2020 23:02:51.785 SEVERE [main] org.apache.catalina.startup.HostConfig.deployDirectory Error deploying web application directory [/Users/jeraltan/myWebProject/tomcat/webapps/hello]
	java.lang.IllegalStateException: Error starting child
		at org.apache.catalina.core.ContainerBase.addChildInternal(ContainerBase.java:720)
		at org.apache.catalina.core.ContainerBase.addChild(ContainerBase.java:690)
		at org.apache.catalina.core.StandardHost.addChild(StandardHost.java:705)
		at org.apache.catalina.startup.HostConfig.deployDirectory(HostConfig.java:1133)
		at org.apache.catalina.startup.HostConfig$DeployDirectory.run(HostConfig.java:1867)
		at java.base/java.util.concurrent.Executors$RunnableAdapter.call(Executors.java:515)
		at java.base/java.util.concurrent.FutureTask.run(FutureTask.java:264)
		at org.apache.tomcat.util.threads.InlineExecutorService.execute(InlineExecutorService.java:75)
		at java.base/java.util.concurrent.AbstractExecutorService.submit(AbstractExecutorService.java:118)
		at org.apache.catalina.startup.HostConfig.deployDirectories(HostConfig.java:1045)
		at org.apache.catalina.startup.HostConfig.deployApps(HostConfig.java:429)
		at org.apache.catalina.startup.HostConfig.start(HostConfig.java:1576)
		at org.apache.catalina.startup.HostConfig.lifecycleEvent(HostConfig.java:309)
		at org.apache.catalina.util.LifecycleBase.fireLifecycleEvent(LifecycleBase.java:123)
		at org.apache.catalina.util.LifecycleBase.setStateInternal(LifecycleBase.java:423)
		at org.apache.catalina.util.LifecycleBase.setState(LifecycleBase.java:366)
		at org.apache.catalina.core.ContainerBase.startInternal(ContainerBase.java:936)
		at org.apache.catalina.core.StandardHost.startInternal(StandardHost.java:841)
		at org.apache.catalina.util.LifecycleBase.start(LifecycleBase.java:183)
		at org.apache.catalina.core.ContainerBase$StartChild.call(ContainerBase.java:1384)
		at org.apache.catalina.core.ContainerBase$StartChild.call(ContainerBase.java:1374)
		at java.base/java.util.concurrent.FutureTask.run(FutureTask.java:264)
		at org.apache.tomcat.util.threads.InlineExecutorService.execute(InlineExecutorService.java:75)
		at java.base/java.util.concurrent.AbstractExecutorService.submit(AbstractExecutorService.java:140)
		at org.apache.catalina.core.ContainerBase.startInternal(ContainerBase.java:909)
		at org.apache.catalina.core.StandardEngine.startInternal(StandardEngine.java:262)
		at org.apache.catalina.util.LifecycleBase.start(LifecycleBase.java:183)
		at org.apache.catalina.core.StandardService.startInternal(StandardService.java:421)
		at org.apache.catalina.util.LifecycleBase.start(LifecycleBase.java:183)
		at org.apache.catalina.core.StandardServer.startInternal(StandardServer.java:930)
		at org.apache.catalina.util.LifecycleBase.start(LifecycleBase.java:183)
		at org.apache.catalina.startup.Catalina.start(Catalina.java:633)
		at java.base/jdk.internal.reflect.NativeMethodAccessorImpl.invoke0(Native Method)
		at java.base/jdk.internal.reflect.NativeMethodAccessorImpl.invoke(NativeMethodAccessorImpl.java:62)
		at java.base/jdk.internal.reflect.DelegatingMethodAccessorImpl.invoke(DelegatingMethodAccessorImpl.java:43)
		at java.base/java.lang.reflect.Method.invoke(Method.java:567)
		at org.apache.catalina.startup.Bootstrap.start(Bootstrap.java:343)
		at org.apache.catalina.startup.Bootstrap.main(Bootstrap.java:474)
	Caused by: org.apache.catalina.LifecycleException: Failed to start component [StandardEngine[Catalina].StandardHost[localhost].StandardContext[/hello]]
		at org.apache.catalina.util.LifecycleBase.handleSubClassException(LifecycleBase.java:440)
		at org.apache.catalina.util.LifecycleBase.start(LifecycleBase.java:198)
		at org.apache.catalina.core.ContainerBase.addChildInternal(ContainerBase.java:717)
		... 37 more
	Caused by: java.lang.IllegalArgumentException: The servlets named [QueryMultiValueServlet] and [QueryServlet] are both mapped to the url-pattern [/query] which is not permitted
		at org.apache.tomcat.util.descriptor.web.WebXml.addServletMappingDecoded(WebXml.java:342)
		at org.apache.tomcat.util.descriptor.web.WebXml.addServletMapping(WebXml.java:335)
		at org.apache.catalina.startup.ContextConfig.processAnnotationWebServlet(ContextConfig.java:2465)
		at org.apache.catalina.startup.ContextConfig.processClass(ContextConfig.java:2141)
		at org.apache.catalina.startup.ContextConfig.processAnnotationsStream(ContextConfig.java:2130)
		at org.apache.catalina.startup.ContextConfig.processAnnotationsWebResource(ContextConfig.java:2022)
		at org.apache.catalina.startup.ContextConfig.processClasses(ContextConfig.java:1233)
		at org.apache.catalina.startup.ContextConfig.webConfig(ContextConfig.java:1142)
		at org.apache.catalina.startup.ContextConfig.configureStart(ContextConfig.java:774)
		at org.apache.catalina.startup.ContextConfig.lifecycleEvent(ContextConfig.java:301)
		at org.apache.catalina.util.LifecycleBase.fireLifecycleEvent(LifecycleBase.java:123)
		at org.apache.catalina.core.StandardContext.startInternal(StandardContext.java:5051)
		at org.apache.catalina.util.LifecycleBase.start(LifecycleBase.java:183)
		... 38 more
11-Mar-2020 23:02:51.788 INFO [main] org.apache.catalina.startup.HostConfig.deployDirectory Deployment of web application directory [/Users/jeraltan/myWebProject/tomcat/webapps/hello] has finished in [15] ms
11-Mar-2020 23:02:51.788 INFO [main] org.apache.catalina.startup.HostConfig.deployDirectory Deploying web application directory [/Users/jeraltan/myWebProject/tomcat/webapps/host-manager]
11-Mar-2020 23:02:51.981 INFO [main] org.apache.jasper.servlet.TldScanner.scanJars At least one JAR was scanned for TLDs yet contained no TLDs. Enable debug logging for this logger for a complete list of JARs that were scanned but no TLDs were found in them. Skipping unneeded JARs during scanning can improve startup time and JSP compilation time.
11-Mar-2020 23:02:51.983 INFO [main] org.apache.catalina.startup.HostConfig.deployDirectory Deployment of web application directory [/Users/jeraltan/myWebProject/tomcat/webapps/host-manager] has finished in [194] ms
11-Mar-2020 23:02:51.983 INFO [main] org.apache.catalina.startup.HostConfig.deployDirectory Deploying web application directory [/Users/jeraltan/myWebProject/tomcat/webapps/eflowershop]
11-Mar-2020 23:02:52.171 INFO [main] org.apache.jasper.servlet.TldScanner.scanJars At least one JAR was scanned for TLDs yet contained no TLDs. Enable debug logging for this logger for a complete list of JARs that were scanned but no TLDs were found in them. Skipping unneeded JARs during scanning can improve startup time and JSP compilation time.
11-Mar-2020 23:02:52.173 INFO [main] org.apache.catalina.startup.HostConfig.deployDirectory Deployment of web application directory [/Users/jeraltan/myWebProject/tomcat/webapps/eflowershop] has finished in [190] ms
11-Mar-2020 23:02:52.178 INFO [main] org.apache.coyote.AbstractProtocol.start Starting ProtocolHandler ["http-nio-9999"]
11-Mar-2020 23:02:52.185 INFO [main] org.apache.catalina.startup.Catalina.start Server startup in [2,011] milliseconds
11-Mar-2020 23:06:12.390 INFO [Catalina-utility-1] org.apache.catalina.core.StandardContext.reload Reloading Context with name [/eflowershop] has started
11-Mar-2020 23:06:12.606 INFO [Catalina-utility-1] org.apache.jasper.servlet.TldScanner.scanJars At least one JAR was scanned for TLDs yet contained no TLDs. Enable debug logging for this logger for a complete list of JARs that were scanned but no TLDs were found in them. Skipping unneeded JARs during scanning can improve startup time and JSP compilation time.
11-Mar-2020 23:06:12.608 INFO [Catalina-utility-1] org.apache.catalina.core.StandardContext.reload Reloading Context with name [/eflowershop] is completed
11-Mar-2020 23:06:33.846 INFO [Thread-3] org.apache.coyote.AbstractProtocol.pause Pausing ProtocolHandler ["http-nio-9999"]
11-Mar-2020 23:06:33.849 INFO [Thread-3] org.apache.catalina.core.StandardService.stopInternal Stopping service [Catalina]
11-Mar-2020 23:06:33.895 INFO [Thread-3] org.apache.coyote.AbstractProtocol.stop Stopping ProtocolHandler ["http-nio-9999"]
11-Mar-2020 23:06:33.899 INFO [Thread-3] org.apache.coyote.AbstractProtocol.destroy Destroying ProtocolHandler ["http-nio-9999"]
11-Mar-2020 23:06:46.408 INFO [main] org.apache.catalina.startup.VersionLoggerListener.log Server version name:   Apache Tomcat/9.0.31
11-Mar-2020 23:06:46.411 INFO [main] org.apache.catalina.startup.VersionLoggerListener.log Server built:          Feb 5 2020 19:32:12 UTC
11-Mar-2020 23:06:46.411 INFO [main] org.apache.catalina.startup.VersionLoggerListener.log Server version number: 9.0.31.0
11-Mar-2020 23:06:46.411 INFO [main] org.apache.catalina.startup.VersionLoggerListener.log OS Name:               Mac OS X
11-Mar-2020 23:06:46.411 INFO [main] org.apache.catalina.startup.VersionLoggerListener.log OS Version:            10.15.1
11-Mar-2020 23:06:46.411 INFO [main] org.apache.catalina.startup.VersionLoggerListener.log Architecture:          x86_64
11-Mar-2020 23:06:46.411 INFO [main] org.apache.catalina.startup.VersionLoggerListener.log Java Home:             /Library/Java/JavaVirtualMachines/jdk-13.0.2.jdk/Contents/Home
11-Mar-2020 23:06:46.411 INFO [main] org.apache.catalina.startup.VersionLoggerListener.log JVM Version:           13.0.2+8
11-Mar-2020 23:06:46.412 INFO [main] org.apache.catalina.startup.VersionLoggerListener.log JVM Vendor:            Oracle Corporation
11-Mar-2020 23:06:46.412 INFO [main] org.apache.catalina.startup.VersionLoggerListener.log CATALINA_BASE:         /Users/jeraltan/myWebProject/tomcat
11-Mar-2020 23:06:46.412 INFO [main] org.apache.catalina.startup.VersionLoggerListener.log CATALINA_HOME:         /Users/jeraltan/myWebProject/tomcat
11-Mar-2020 23:06:46.426 INFO [main] org.apache.catalina.startup.VersionLoggerListener.log Command line argument: --add-opens=java.base/java.lang=ALL-UNNAMED
11-Mar-2020 23:06:46.426 INFO [main] org.apache.catalina.startup.VersionLoggerListener.log Command line argument: --add-opens=java.base/java.io=ALL-UNNAMED
11-Mar-2020 23:06:46.427 INFO [main] org.apache.catalina.startup.VersionLoggerListener.log Command line argument: --add-opens=java.rmi/sun.rmi.transport=ALL-UNNAMED
11-Mar-2020 23:06:46.427 INFO [main] org.apache.catalina.startup.VersionLoggerListener.log Command line argument: -Djava.util.logging.config.file=/Users/jeraltan/myWebProject/tomcat/conf/logging.properties
11-Mar-2020 23:06:46.427 INFO [main] org.apache.catalina.startup.VersionLoggerListener.log Command line argument: -Djava.util.logging.manager=org.apache.juli.ClassLoaderLogManager
11-Mar-2020 23:06:46.427 INFO [main] org.apache.catalina.startup.VersionLoggerListener.log Command line argument: -Djdk.tls.ephemeralDHKeySize=2048
11-Mar-2020 23:06:46.427 INFO [main] org.apache.catalina.startup.VersionLoggerListener.log Command line argument: -Djava.protocol.handler.pkgs=org.apache.catalina.webresources
11-Mar-2020 23:06:46.427 INFO [main] org.apache.catalina.startup.VersionLoggerListener.log Command line argument: -Dorg.apache.catalina.security.SecurityListener.UMASK=0027
11-Mar-2020 23:06:46.427 INFO [main] org.apache.catalina.startup.VersionLoggerListener.log Command line argument: -Dignore.endorsed.dirs=
11-Mar-2020 23:06:46.428 INFO [main] org.apache.catalina.startup.VersionLoggerListener.log Command line argument: -Dcatalina.base=/Users/jeraltan/myWebProject/tomcat
11-Mar-2020 23:06:46.428 INFO [main] org.apache.catalina.startup.VersionLoggerListener.log Command line argument: -Dcatalina.home=/Users/jeraltan/myWebProject/tomcat
11-Mar-2020 23:06:46.428 INFO [main] org.apache.catalina.startup.VersionLoggerListener.log Command line argument: -Djava.io.tmpdir=/Users/jeraltan/myWebProject/tomcat/temp
11-Mar-2020 23:06:46.428 INFO [main] org.apache.catalina.core.AprLifecycleListener.lifecycleEvent The APR based Apache Tomcat Native library which allows optimal performance in production environments was not found on the java.library.path: [/Users/jeraltan/Library/Java/Extensions:/Library/Java/Extensions:/Network/Library/Java/Extensions:/System/Library/Java/Extensions:/usr/lib/java:.]
11-Mar-2020 23:06:46.642 INFO [main] org.apache.coyote.AbstractProtocol.init Initializing ProtocolHandler ["http-nio-9999"]
11-Mar-2020 23:06:46.680 INFO [main] org.apache.catalina.startup.Catalina.load Server initialization in [441] milliseconds
11-Mar-2020 23:06:46.708 INFO [main] org.apache.catalina.core.StandardService.startInternal Starting service [Catalina]
11-Mar-2020 23:06:46.709 INFO [main] org.apache.catalina.core.StandardEngine.startInternal Starting Servlet engine: [Apache Tomcat/9.0.31]
11-Mar-2020 23:06:46.716 INFO [main] org.apache.catalina.startup.HostConfig.deployDirectory Deploying web application directory [/Users/jeraltan/myWebProject/tomcat/webapps/ebookshop]
11-Mar-2020 23:06:47.174 INFO [main] org.apache.jasper.servlet.TldScanner.scanJars At least one JAR was scanned for TLDs yet contained no TLDs. Enable debug logging for this logger for a complete list of JARs that were scanned but no TLDs were found in them. Skipping unneeded JARs during scanning can improve startup time and JSP compilation time.
11-Mar-2020 23:06:47.209 INFO [main] org.apache.catalina.startup.HostConfig.deployDirectory Deployment of web application directory [/Users/jeraltan/myWebProject/tomcat/webapps/ebookshop] has finished in [493] ms
11-Mar-2020 23:06:47.209 INFO [main] org.apache.catalina.startup.HostConfig.deployDirectory Deploying web application directory [/Users/jeraltan/myWebProject/tomcat/webapps/docs]
11-Mar-2020 23:06:47.469 INFO [main] org.apache.jasper.servlet.TldScanner.scanJars At least one JAR was scanned for TLDs yet contained no TLDs. Enable debug logging for this logger for a complete list of JARs that were scanned but no TLDs were found in them. Skipping unneeded JARs during scanning can improve startup time and JSP compilation time.
11-Mar-2020 23:06:47.470 INFO [main] org.apache.catalina.startup.HostConfig.deployDirectory Deployment of web application directory [/Users/jeraltan/myWebProject/tomcat/webapps/docs] has finished in [261] ms
11-Mar-2020 23:06:47.471 INFO [main] org.apache.catalina.startup.HostConfig.deployDirectory Deploying web application directory [/Users/jeraltan/myWebProject/tomcat/webapps/manager]
11-Mar-2020 23:06:47.681 INFO [main] org.apache.jasper.servlet.TldScanner.scanJars At least one JAR was scanned for TLDs yet contained no TLDs. Enable debug logging for this logger for a complete list of JARs that were scanned but no TLDs were found in them. Skipping unneeded JARs during scanning can improve startup time and JSP compilation time.
11-Mar-2020 23:06:47.686 INFO [main] org.apache.catalina.startup.HostConfig.deployDirectory Deployment of web application directory [/Users/jeraltan/myWebProject/tomcat/webapps/manager] has finished in [215] ms
11-Mar-2020 23:06:47.686 INFO [main] org.apache.catalina.startup.HostConfig.deployDirectory Deploying web application directory [/Users/jeraltan/myWebProject/tomcat/webapps/examples]
11-Mar-2020 23:06:48.039 INFO [main] org.apache.jasper.servlet.TldScanner.scanJars At least one JAR was scanned for TLDs yet contained no TLDs. Enable debug logging for this logger for a complete list of JARs that were scanned but no TLDs were found in them. Skipping unneeded JARs during scanning can improve startup time and JSP compilation time.
11-Mar-2020 23:06:48.053 INFO [main] org.apache.catalina.startup.HostConfig.deployDirectory Deployment of web application directory [/Users/jeraltan/myWebProject/tomcat/webapps/examples] has finished in [366] ms
11-Mar-2020 23:06:48.053 INFO [main] org.apache.catalina.startup.HostConfig.deployDirectory Deploying web application directory [/Users/jeraltan/myWebProject/tomcat/webapps/ROOT]
11-Mar-2020 23:06:48.246 INFO [main] org.apache.jasper.servlet.TldScanner.scanJars At least one JAR was scanned for TLDs yet contained no TLDs. Enable debug logging for this logger for a complete list of JARs that were scanned but no TLDs were found in them. Skipping unneeded JARs during scanning can improve startup time and JSP compilation time.
11-Mar-2020 23:06:48.248 INFO [main] org.apache.catalina.startup.HostConfig.deployDirectory Deployment of web application directory [/Users/jeraltan/myWebProject/tomcat/webapps/ROOT] has finished in [195] ms
11-Mar-2020 23:06:48.248 INFO [main] org.apache.catalina.startup.HostConfig.deployDirectory Deploying web application directory [/Users/jeraltan/myWebProject/tomcat/webapps/hello]
11-Mar-2020 23:06:48.260 SEVERE [main] org.apache.catalina.startup.HostConfig.deployDirectory Error deploying web application directory [/Users/jeraltan/myWebProject/tomcat/webapps/hello]
	java.lang.IllegalStateException: Error starting child
		at org.apache.catalina.core.ContainerBase.addChildInternal(ContainerBase.java:720)
		at org.apache.catalina.core.ContainerBase.addChild(ContainerBase.java:690)
		at org.apache.catalina.core.StandardHost.addChild(StandardHost.java:705)
		at org.apache.catalina.startup.HostConfig.deployDirectory(HostConfig.java:1133)
		at org.apache.catalina.startup.HostConfig$DeployDirectory.run(HostConfig.java:1867)
		at java.base/java.util.concurrent.Executors$RunnableAdapter.call(Executors.java:515)
		at java.base/java.util.concurrent.FutureTask.run(FutureTask.java:264)
		at org.apache.tomcat.util.threads.InlineExecutorService.execute(InlineExecutorService.java:75)
		at java.base/java.util.concurrent.AbstractExecutorService.submit(AbstractExecutorService.java:118)
		at org.apache.catalina.startup.HostConfig.deployDirectories(HostConfig.java:1045)
		at org.apache.catalina.startup.HostConfig.deployApps(HostConfig.java:429)
		at org.apache.catalina.startup.HostConfig.start(HostConfig.java:1576)
		at org.apache.catalina.startup.HostConfig.lifecycleEvent(HostConfig.java:309)
		at org.apache.catalina.util.LifecycleBase.fireLifecycleEvent(LifecycleBase.java:123)
		at org.apache.catalina.util.LifecycleBase.setStateInternal(LifecycleBase.java:423)
		at org.apache.catalina.util.LifecycleBase.setState(LifecycleBase.java:366)
		at org.apache.catalina.core.ContainerBase.startInternal(ContainerBase.java:936)
		at org.apache.catalina.core.StandardHost.startInternal(StandardHost.java:841)
		at org.apache.catalina.util.LifecycleBase.start(LifecycleBase.java:183)
		at org.apache.catalina.core.ContainerBase$StartChild.call(ContainerBase.java:1384)
		at org.apache.catalina.core.ContainerBase$StartChild.call(ContainerBase.java:1374)
		at java.base/java.util.concurrent.FutureTask.run(FutureTask.java:264)
		at org.apache.tomcat.util.threads.InlineExecutorService.execute(InlineExecutorService.java:75)
		at java.base/java.util.concurrent.AbstractExecutorService.submit(AbstractExecutorService.java:140)
		at org.apache.catalina.core.ContainerBase.startInternal(ContainerBase.java:909)
		at org.apache.catalina.core.StandardEngine.startInternal(StandardEngine.java:262)
		at org.apache.catalina.util.LifecycleBase.start(LifecycleBase.java:183)
		at org.apache.catalina.core.StandardService.startInternal(StandardService.java:421)
		at org.apache.catalina.util.LifecycleBase.start(LifecycleBase.java:183)
		at org.apache.catalina.core.StandardServer.startInternal(StandardServer.java:930)
		at org.apache.catalina.util.LifecycleBase.start(LifecycleBase.java:183)
		at org.apache.catalina.startup.Catalina.start(Catalina.java:633)
		at java.base/jdk.internal.reflect.NativeMethodAccessorImpl.invoke0(Native Method)
		at java.base/jdk.internal.reflect.NativeMethodAccessorImpl.invoke(NativeMethodAccessorImpl.java:62)
		at java.base/jdk.internal.reflect.DelegatingMethodAccessorImpl.invoke(DelegatingMethodAccessorImpl.java:43)
		at java.base/java.lang.reflect.Method.invoke(Method.java:567)
		at org.apache.catalina.startup.Bootstrap.start(Bootstrap.java:343)
		at org.apache.catalina.startup.Bootstrap.main(Bootstrap.java:474)
	Caused by: org.apache.catalina.LifecycleException: Failed to start component [StandardEngine[Catalina].StandardHost[localhost].StandardContext[/hello]]
		at org.apache.catalina.util.LifecycleBase.handleSubClassException(LifecycleBase.java:440)
		at org.apache.catalina.util.LifecycleBase.start(LifecycleBase.java:198)
		at org.apache.catalina.core.ContainerBase.addChildInternal(ContainerBase.java:717)
		... 37 more
	Caused by: java.lang.IllegalArgumentException: The servlets named [QueryMultiValueServlet] and [QueryServlet] are both mapped to the url-pattern [/query] which is not permitted
		at org.apache.tomcat.util.descriptor.web.WebXml.addServletMappingDecoded(WebXml.java:342)
		at org.apache.tomcat.util.descriptor.web.WebXml.addServletMapping(WebXml.java:335)
		at org.apache.catalina.startup.ContextConfig.processAnnotationWebServlet(ContextConfig.java:2465)
		at org.apache.catalina.startup.ContextConfig.processClass(ContextConfig.java:2141)
		at org.apache.catalina.startup.ContextConfig.processAnnotationsStream(ContextConfig.java:2130)
		at org.apache.catalina.startup.ContextConfig.processAnnotationsWebResource(ContextConfig.java:2022)
		at org.apache.catalina.startup.ContextConfig.processClasses(ContextConfig.java:1233)
		at org.apache.catalina.startup.ContextConfig.webConfig(ContextConfig.java:1142)
		at org.apache.catalina.startup.ContextConfig.configureStart(ContextConfig.java:774)
		at org.apache.catalina.startup.ContextConfig.lifecycleEvent(ContextConfig.java:301)
		at org.apache.catalina.util.LifecycleBase.fireLifecycleEvent(LifecycleBase.java:123)
		at org.apache.catalina.core.StandardContext.startInternal(StandardContext.java:5051)
		at org.apache.catalina.util.LifecycleBase.start(LifecycleBase.java:183)
		... 38 more
11-Mar-2020 23:06:48.263 INFO [main] org.apache.catalina.startup.HostConfig.deployDirectory Deployment of web application directory [/Users/jeraltan/myWebProject/tomcat/webapps/hello] has finished in [15] ms
11-Mar-2020 23:06:48.263 INFO [main] org.apache.catalina.startup.HostConfig.deployDirectory Deploying web application directory [/Users/jeraltan/myWebProject/tomcat/webapps/host-manager]
11-Mar-2020 23:06:48.457 INFO [main] org.apache.jasper.servlet.TldScanner.scanJars At least one JAR was scanned for TLDs yet contained no TLDs. Enable debug logging for this logger for a complete list of JARs that were scanned but no TLDs were found in them. Skipping unneeded JARs during scanning can improve startup time and JSP compilation time.
11-Mar-2020 23:06:48.459 INFO [main] org.apache.catalina.startup.HostConfig.deployDirectory Deployment of web application directory [/Users/jeraltan/myWebProject/tomcat/webapps/host-manager] has finished in [195] ms
11-Mar-2020 23:06:48.459 INFO [main] org.apache.catalina.startup.HostConfig.deployDirectory Deploying web application directory [/Users/jeraltan/myWebProject/tomcat/webapps/eflowershop]
11-Mar-2020 23:06:48.649 INFO [main] org.apache.jasper.servlet.TldScanner.scanJars At least one JAR was scanned for TLDs yet contained no TLDs. Enable debug logging for this logger for a complete list of JARs that were scanned but no TLDs were found in them. Skipping unneeded JARs during scanning can improve startup time and JSP compilation time.
11-Mar-2020 23:06:48.651 INFO [main] org.apache.catalina.startup.HostConfig.deployDirectory Deployment of web application directory [/Users/jeraltan/myWebProject/tomcat/webapps/eflowershop] has finished in [192] ms
11-Mar-2020 23:06:48.656 INFO [main] org.apache.coyote.AbstractProtocol.start Starting ProtocolHandler ["http-nio-9999"]
11-Mar-2020 23:06:48.663 INFO [main] org.apache.catalina.startup.Catalina.start Server startup in [1,982] milliseconds
11-Mar-2020 23:19:09.430 INFO [Catalina-utility-1] org.apache.catalina.core.StandardContext.reload Reloading Context with name [/eflowershop] has started
11-Mar-2020 23:19:09.669 INFO [Catalina-utility-1] org.apache.jasper.servlet.TldScanner.scanJars At least one JAR was scanned for TLDs yet contained no TLDs. Enable debug logging for this logger for a complete list of JARs that were scanned but no TLDs were found in them. Skipping unneeded JARs during scanning can improve startup time and JSP compilation time.
11-Mar-2020 23:19:09.672 INFO [Catalina-utility-1] org.apache.catalina.core.StandardContext.reload Reloading Context with name [/eflowershop] is completed
11-Mar-2020 23:21:29.851 INFO [Catalina-utility-1] org.apache.catalina.core.StandardContext.reload Reloading Context with name [/eflowershop] has started
11-Mar-2020 23:21:30.036 INFO [Catalina-utility-1] org.apache.jasper.servlet.TldScanner.scanJars At least one JAR was scanned for TLDs yet contained no TLDs. Enable debug logging for this logger for a complete list of JARs that were scanned but no TLDs were found in them. Skipping unneeded JARs during scanning can improve startup time and JSP compilation time.
11-Mar-2020 23:21:30.037 INFO [Catalina-utility-1] org.apache.catalina.core.StandardContext.reload Reloading Context with name [/eflowershop] is completed
11-Mar-2020 23:24:10.261 INFO [Catalina-utility-2] org.apache.catalina.core.StandardContext.reload Reloading Context with name [/eflowershop] has started
11-Mar-2020 23:24:10.469 INFO [Catalina-utility-2] org.apache.jasper.servlet.TldScanner.scanJars At least one JAR was scanned for TLDs yet contained no TLDs. Enable debug logging for this logger for a complete list of JARs that were scanned but no TLDs were found in them. Skipping unneeded JARs during scanning can improve startup time and JSP compilation time.
11-Mar-2020 23:24:10.470 INFO [Catalina-utility-2] org.apache.catalina.core.StandardContext.reload Reloading Context with name [/eflowershop] is completed
11-Mar-2020 23:28:40.836 INFO [Catalina-utility-1] org.apache.catalina.core.StandardContext.reload Reloading Context with name [/eflowershop] has started
11-Mar-2020 23:28:41.039 INFO [Catalina-utility-1] org.apache.jasper.servlet.TldScanner.scanJars At least one JAR was scanned for TLDs yet contained no TLDs. Enable debug logging for this logger for a complete list of JARs that were scanned but no TLDs were found in them. Skipping unneeded JARs during scanning can improve startup time and JSP compilation time.
11-Mar-2020 23:28:41.040 INFO [Catalina-utility-1] org.apache.catalina.core.StandardContext.reload Reloading Context with name [/eflowershop] is completed
11-Mar-2020 23:34:31.490 INFO [Catalina-utility-1] org.apache.catalina.core.StandardContext.reload Reloading Context with name [/eflowershop] has started
11-Mar-2020 23:34:31.684 INFO [Catalina-utility-1] org.apache.jasper.servlet.TldScanner.scanJars At least one JAR was scanned for TLDs yet contained no TLDs. Enable debug logging for this logger for a complete list of JARs that were scanned but no TLDs were found in them. Skipping unneeded JARs during scanning can improve startup time and JSP compilation time.
11-Mar-2020 23:34:31.686 INFO [Catalina-utility-1] org.apache.catalina.core.StandardContext.reload Reloading Context with name [/eflowershop] is completed
11-Mar-2020 23:38:21.982 INFO [Catalina-utility-1] org.apache.catalina.core.StandardContext.reload Reloading Context with name [/eflowershop] has started
11-Mar-2020 23:38:22.176 INFO [Catalina-utility-1] org.apache.jasper.servlet.TldScanner.scanJars At least one JAR was scanned for TLDs yet contained no TLDs. Enable debug logging for this logger for a complete list of JARs that were scanned but no TLDs were found in them. Skipping unneeded JARs during scanning can improve startup time and JSP compilation time.
11-Mar-2020 23:38:22.177 INFO [Catalina-utility-1] org.apache.catalina.core.StandardContext.reload Reloading Context with name [/eflowershop] is completed
11-Mar-2020 23:38:42.193 INFO [Catalina-utility-1] org.apache.catalina.core.StandardContext.reload Reloading Context with name [/eflowershop] has started
11-Mar-2020 23:38:42.372 INFO [Catalina-utility-1] org.apache.jasper.servlet.TldScanner.scanJars At least one JAR was scanned for TLDs yet contained no TLDs. Enable debug logging for this logger for a complete list of JARs that were scanned but no TLDs were found in them. Skipping unneeded JARs during scanning can improve startup time and JSP compilation time.
11-Mar-2020 23:38:42.373 INFO [Catalina-utility-1] org.apache.catalina.core.StandardContext.reload Reloading Context with name [/eflowershop] is completed
11-Mar-2020 23:56:14.028 INFO [main] org.apache.catalina.core.StandardServer.await A valid shutdown command was received via the shutdown port. Stopping the Server instance.
11-Mar-2020 23:56:14.029 INFO [main] org.apache.coyote.AbstractProtocol.pause Pausing ProtocolHandler ["http-nio-9999"]
11-Mar-2020 23:56:14.031 INFO [main] org.apache.catalina.core.StandardService.stopInternal Stopping service [Catalina]
11-Mar-2020 23:56:14.055 INFO [main] org.apache.coyote.AbstractProtocol.stop Stopping ProtocolHandler ["http-nio-9999"]
11-Mar-2020 23:56:14.057 INFO [main] org.apache.coyote.AbstractProtocol.destroy Destroying ProtocolHandler ["http-nio-9999"]
11-Mar-2020 23:56:20.480 INFO [main] org.apache.catalina.startup.VersionLoggerListener.log Server version name:   Apache Tomcat/9.0.31
11-Mar-2020 23:56:20.484 INFO [main] org.apache.catalina.startup.VersionLoggerListener.log Server built:          Feb 5 2020 19:32:12 UTC
11-Mar-2020 23:56:20.484 INFO [main] org.apache.catalina.startup.VersionLoggerListener.log Server version number: 9.0.31.0
11-Mar-2020 23:56:20.484 INFO [main] org.apache.catalina.startup.VersionLoggerListener.log OS Name:               Mac OS X
11-Mar-2020 23:56:20.485 INFO [main] org.apache.catalina.startup.VersionLoggerListener.log OS Version:            10.15.1
11-Mar-2020 23:56:20.485 INFO [main] org.apache.catalina.startup.VersionLoggerListener.log Architecture:          x86_64
11-Mar-2020 23:56:20.485 INFO [main] org.apache.catalina.startup.VersionLoggerListener.log Java Home:             /Library/Java/JavaVirtualMachines/jdk-13.0.2.jdk/Contents/Home
11-Mar-2020 23:56:20.485 INFO [main] org.apache.catalina.startup.VersionLoggerListener.log JVM Version:           13.0.2+8
11-Mar-2020 23:56:20.485 INFO [main] org.apache.catalina.startup.VersionLoggerListener.log JVM Vendor:            Oracle Corporation
11-Mar-2020 23:56:20.485 INFO [main] org.apache.catalina.startup.VersionLoggerListener.log CATALINA_BASE:         /Users/jeraltan/myWebProject/tomcat
11-Mar-2020 23:56:20.485 INFO [main] org.apache.catalina.startup.VersionLoggerListener.log CATALINA_HOME:         /Users/jeraltan/myWebProject/tomcat
11-Mar-2020 23:56:20.499 INFO [main] org.apache.catalina.startup.VersionLoggerListener.log Command line argument: --add-opens=java.base/java.lang=ALL-UNNAMED
11-Mar-2020 23:56:20.499 INFO [main] org.apache.catalina.startup.VersionLoggerListener.log Command line argument: --add-opens=java.base/java.io=ALL-UNNAMED
11-Mar-2020 23:56:20.499 INFO [main] org.apache.catalina.startup.VersionLoggerListener.log Command line argument: --add-opens=java.rmi/sun.rmi.transport=ALL-UNNAMED
11-Mar-2020 23:56:20.499 INFO [main] org.apache.catalina.startup.VersionLoggerListener.log Command line argument: -Djava.util.logging.config.file=/Users/jeraltan/myWebProject/tomcat/conf/logging.properties
11-Mar-2020 23:56:20.499 INFO [main] org.apache.catalina.startup.VersionLoggerListener.log Command line argument: -Djava.util.logging.manager=org.apache.juli.ClassLoaderLogManager
11-Mar-2020 23:56:20.500 INFO [main] org.apache.catalina.startup.VersionLoggerListener.log Command line argument: -Djdk.tls.ephemeralDHKeySize=2048
11-Mar-2020 23:56:20.500 INFO [main] org.apache.catalina.startup.VersionLoggerListener.log Command line argument: -Djava.protocol.handler.pkgs=org.apache.catalina.webresources
11-Mar-2020 23:56:20.500 INFO [main] org.apache.catalina.startup.VersionLoggerListener.log Command line argument: -Dorg.apache.catalina.security.SecurityListener.UMASK=0027
11-Mar-2020 23:56:20.500 INFO [main] org.apache.catalina.startup.VersionLoggerListener.log Command line argument: -Dignore.endorsed.dirs=
11-Mar-2020 23:56:20.500 INFO [main] org.apache.catalina.startup.VersionLoggerListener.log Command line argument: -Dcatalina.base=/Users/jeraltan/myWebProject/tomcat
11-Mar-2020 23:56:20.500 INFO [main] org.apache.catalina.startup.VersionLoggerListener.log Command line argument: -Dcatalina.home=/Users/jeraltan/myWebProject/tomcat
11-Mar-2020 23:56:20.500 INFO [main] org.apache.catalina.startup.VersionLoggerListener.log Command line argument: -Djava.io.tmpdir=/Users/jeraltan/myWebProject/tomcat/temp
11-Mar-2020 23:56:20.500 INFO [main] org.apache.catalina.core.AprLifecycleListener.lifecycleEvent The APR based Apache Tomcat Native library which allows optimal performance in production environments was not found on the java.library.path: [/Users/jeraltan/Library/Java/Extensions:/Library/Java/Extensions:/Network/Library/Java/Extensions:/System/Library/Java/Extensions:/usr/lib/java:.]
11-Mar-2020 23:56:20.711 INFO [main] org.apache.coyote.AbstractProtocol.init Initializing ProtocolHandler ["http-nio-9999"]
11-Mar-2020 23:56:20.749 INFO [main] org.apache.catalina.startup.Catalina.load Server initialization in [437] milliseconds
11-Mar-2020 23:56:20.777 INFO [main] org.apache.catalina.core.StandardService.startInternal Starting service [Catalina]
11-Mar-2020 23:56:20.778 INFO [main] org.apache.catalina.core.StandardEngine.startInternal Starting Servlet engine: [Apache Tomcat/9.0.31]
11-Mar-2020 23:56:20.785 INFO [main] org.apache.catalina.startup.HostConfig.deployDirectory Deploying web application directory [/Users/jeraltan/myWebProject/tomcat/webapps/ebookshop]
11-Mar-2020 23:56:20.921 SEVERE [main] org.apache.catalina.startup.HostConfig.deployDirectory Error deploying web application directory [/Users/jeraltan/myWebProject/tomcat/webapps/ebookshop]
	java.lang.IllegalStateException: Error starting child
		at org.apache.catalina.core.ContainerBase.addChildInternal(ContainerBase.java:720)
		at org.apache.catalina.core.ContainerBase.addChild(ContainerBase.java:690)
		at org.apache.catalina.core.StandardHost.addChild(StandardHost.java:705)
		at org.apache.catalina.startup.HostConfig.deployDirectory(HostConfig.java:1133)
		at org.apache.catalina.startup.HostConfig$DeployDirectory.run(HostConfig.java:1867)
		at java.base/java.util.concurrent.Executors$RunnableAdapter.call(Executors.java:515)
		at java.base/java.util.concurrent.FutureTask.run(FutureTask.java:264)
		at org.apache.tomcat.util.threads.InlineExecutorService.execute(InlineExecutorService.java:75)
		at java.base/java.util.concurrent.AbstractExecutorService.submit(AbstractExecutorService.java:118)
		at org.apache.catalina.startup.HostConfig.deployDirectories(HostConfig.java:1045)
		at org.apache.catalina.startup.HostConfig.deployApps(HostConfig.java:429)
		at org.apache.catalina.startup.HostConfig.start(HostConfig.java:1576)
		at org.apache.catalina.startup.HostConfig.lifecycleEvent(HostConfig.java:309)
		at org.apache.catalina.util.LifecycleBase.fireLifecycleEvent(LifecycleBase.java:123)
		at org.apache.catalina.util.LifecycleBase.setStateInternal(LifecycleBase.java:423)
		at org.apache.catalina.util.LifecycleBase.setState(LifecycleBase.java:366)
		at org.apache.catalina.core.ContainerBase.startInternal(ContainerBase.java:936)
		at org.apache.catalina.core.StandardHost.startInternal(StandardHost.java:841)
		at org.apache.catalina.util.LifecycleBase.start(LifecycleBase.java:183)
		at org.apache.catalina.core.ContainerBase$StartChild.call(ContainerBase.java:1384)
		at org.apache.catalina.core.ContainerBase$StartChild.call(ContainerBase.java:1374)
		at java.base/java.util.concurrent.FutureTask.run(FutureTask.java:264)
		at org.apache.tomcat.util.threads.InlineExecutorService.execute(InlineExecutorService.java:75)
		at java.base/java.util.concurrent.AbstractExecutorService.submit(AbstractExecutorService.java:140)
		at org.apache.catalina.core.ContainerBase.startInternal(ContainerBase.java:909)
		at org.apache.catalina.core.StandardEngine.startInternal(StandardEngine.java:262)
		at org.apache.catalina.util.LifecycleBase.start(LifecycleBase.java:183)
		at org.apache.catalina.core.StandardService.startInternal(StandardService.java:421)
		at org.apache.catalina.util.LifecycleBase.start(LifecycleBase.java:183)
		at org.apache.catalina.core.StandardServer.startInternal(StandardServer.java:930)
		at org.apache.catalina.util.LifecycleBase.start(LifecycleBase.java:183)
		at org.apache.catalina.startup.Catalina.start(Catalina.java:633)
		at java.base/jdk.internal.reflect.NativeMethodAccessorImpl.invoke0(Native Method)
		at java.base/jdk.internal.reflect.NativeMethodAccessorImpl.invoke(NativeMethodAccessorImpl.java:62)
		at java.base/jdk.internal.reflect.DelegatingMethodAccessorImpl.invoke(DelegatingMethodAccessorImpl.java:43)
		at java.base/java.lang.reflect.Method.invoke(Method.java:567)
		at org.apache.catalina.startup.Bootstrap.start(Bootstrap.java:343)
		at org.apache.catalina.startup.Bootstrap.main(Bootstrap.java:474)
	Caused by: org.apache.catalina.LifecycleException: Failed to start component [StandardEngine[Catalina].StandardHost[localhost].StandardContext[/ebookshop]]
		at org.apache.catalina.util.LifecycleBase.handleSubClassException(LifecycleBase.java:440)
		at org.apache.catalina.util.LifecycleBase.start(LifecycleBase.java:198)
		at org.apache.catalina.core.ContainerBase.addChildInternal(ContainerBase.java:717)
		... 37 more
	Caused by: java.lang.IllegalArgumentException: The servlets named [ebookshopQueryServlet] and [EShopOrderServlet] are both mapped to the url-pattern [/eshoporder] which is not permitted
		at org.apache.tomcat.util.descriptor.web.WebXml.addServletMappingDecoded(WebXml.java:342)
		at org.apache.tomcat.util.descriptor.web.WebXml.addServletMapping(WebXml.java:335)
		at org.apache.catalina.startup.ContextConfig.processAnnotationWebServlet(ContextConfig.java:2465)
		at org.apache.catalina.startup.ContextConfig.processClass(ContextConfig.java:2141)
		at org.apache.catalina.startup.ContextConfig.processAnnotationsStream(ContextConfig.java:2130)
		at org.apache.catalina.startup.ContextConfig.processAnnotationsWebResource(ContextConfig.java:2022)
		at org.apache.catalina.startup.ContextConfig.processClasses(ContextConfig.java:1233)
		at org.apache.catalina.startup.ContextConfig.webConfig(ContextConfig.java:1142)
		at org.apache.catalina.startup.ContextConfig.configureStart(ContextConfig.java:774)
		at org.apache.catalina.startup.ContextConfig.lifecycleEvent(ContextConfig.java:301)
		at org.apache.catalina.util.LifecycleBase.fireLifecycleEvent(LifecycleBase.java:123)
		at org.apache.catalina.core.StandardContext.startInternal(StandardContext.java:5051)
		at org.apache.catalina.util.LifecycleBase.start(LifecycleBase.java:183)
		... 38 more
11-Mar-2020 23:56:20.924 INFO [main] org.apache.catalina.startup.HostConfig.deployDirectory Deployment of web application directory [/Users/jeraltan/myWebProject/tomcat/webapps/ebookshop] has finished in [139] ms
11-Mar-2020 23:56:20.925 INFO [main] org.apache.catalina.startup.HostConfig.deployDirectory Deploying web application directory [/Users/jeraltan/myWebProject/tomcat/webapps/docs]
11-Mar-2020 23:56:21.253 INFO [main] org.apache.jasper.servlet.TldScanner.scanJars At least one JAR was scanned for TLDs yet contained no TLDs. Enable debug logging for this logger for a complete list of JARs that were scanned but no TLDs were found in them. Skipping unneeded JARs during scanning can improve startup time and JSP compilation time.
11-Mar-2020 23:56:21.284 INFO [main] org.apache.catalina.startup.HostConfig.deployDirectory Deployment of web application directory [/Users/jeraltan/myWebProject/tomcat/webapps/docs] has finished in [359] ms
11-Mar-2020 23:56:21.285 INFO [main] org.apache.catalina.startup.HostConfig.deployDirectory Deploying web application directory [/Users/jeraltan/myWebProject/tomcat/webapps/manager]
11-Mar-2020 23:56:21.542 INFO [main] org.apache.jasper.servlet.TldScanner.scanJars At least one JAR was scanned for TLDs yet contained no TLDs. Enable debug logging for this logger for a complete list of JARs that were scanned but no TLDs were found in them. Skipping unneeded JARs during scanning can improve startup time and JSP compilation time.
11-Mar-2020 23:56:21.547 INFO [main] org.apache.catalina.startup.HostConfig.deployDirectory Deployment of web application directory [/Users/jeraltan/myWebProject/tomcat/webapps/manager] has finished in [261] ms
11-Mar-2020 23:56:21.547 INFO [main] org.apache.catalina.startup.HostConfig.deployDirectory Deploying web application directory [/Users/jeraltan/myWebProject/tomcat/webapps/examples]
11-Mar-2020 23:56:21.926 INFO [main] org.apache.jasper.servlet.TldScanner.scanJars At least one JAR was scanned for TLDs yet contained no TLDs. Enable debug logging for this logger for a complete list of JARs that were scanned but no TLDs were found in them. Skipping unneeded JARs during scanning can improve startup time and JSP compilation time.
11-Mar-2020 23:56:21.940 INFO [main] org.apache.catalina.startup.HostConfig.deployDirectory Deployment of web application directory [/Users/jeraltan/myWebProject/tomcat/webapps/examples] has finished in [393] ms
11-Mar-2020 23:56:21.941 INFO [main] org.apache.catalina.startup.HostConfig.deployDirectory Deploying web application directory [/Users/jeraltan/myWebProject/tomcat/webapps/ROOT]
11-Mar-2020 23:56:22.139 INFO [main] org.apache.jasper.servlet.TldScanner.scanJars At least one JAR was scanned for TLDs yet contained no TLDs. Enable debug logging for this logger for a complete list of JARs that were scanned but no TLDs were found in them. Skipping unneeded JARs during scanning can improve startup time and JSP compilation time.
11-Mar-2020 23:56:22.141 INFO [main] org.apache.catalina.startup.HostConfig.deployDirectory Deployment of web application directory [/Users/jeraltan/myWebProject/tomcat/webapps/ROOT] has finished in [201] ms
11-Mar-2020 23:56:22.141 INFO [main] org.apache.catalina.startup.HostConfig.deployDirectory Deploying web application directory [/Users/jeraltan/myWebProject/tomcat/webapps/hello]
11-Mar-2020 23:56:22.154 SEVERE [main] org.apache.catalina.startup.HostConfig.deployDirectory Error deploying web application directory [/Users/jeraltan/myWebProject/tomcat/webapps/hello]
	java.lang.IllegalStateException: Error starting child
		at org.apache.catalina.core.ContainerBase.addChildInternal(ContainerBase.java:720)
		at org.apache.catalina.core.ContainerBase.addChild(ContainerBase.java:690)
		at org.apache.catalina.core.StandardHost.addChild(StandardHost.java:705)
		at org.apache.catalina.startup.HostConfig.deployDirectory(HostConfig.java:1133)
		at org.apache.catalina.startup.HostConfig$DeployDirectory.run(HostConfig.java:1867)
		at java.base/java.util.concurrent.Executors$RunnableAdapter.call(Executors.java:515)
		at java.base/java.util.concurrent.FutureTask.run(FutureTask.java:264)
		at org.apache.tomcat.util.threads.InlineExecutorService.execute(InlineExecutorService.java:75)
		at java.base/java.util.concurrent.AbstractExecutorService.submit(AbstractExecutorService.java:118)
		at org.apache.catalina.startup.HostConfig.deployDirectories(HostConfig.java:1045)
		at org.apache.catalina.startup.HostConfig.deployApps(HostConfig.java:429)
		at org.apache.catalina.startup.HostConfig.start(HostConfig.java:1576)
		at org.apache.catalina.startup.HostConfig.lifecycleEvent(HostConfig.java:309)
		at org.apache.catalina.util.LifecycleBase.fireLifecycleEvent(LifecycleBase.java:123)
		at org.apache.catalina.util.LifecycleBase.setStateInternal(LifecycleBase.java:423)
		at org.apache.catalina.util.LifecycleBase.setState(LifecycleBase.java:366)
		at org.apache.catalina.core.ContainerBase.startInternal(ContainerBase.java:936)
		at org.apache.catalina.core.StandardHost.startInternal(StandardHost.java:841)
		at org.apache.catalina.util.LifecycleBase.start(LifecycleBase.java:183)
		at org.apache.catalina.core.ContainerBase$StartChild.call(ContainerBase.java:1384)
		at org.apache.catalina.core.ContainerBase$StartChild.call(ContainerBase.java:1374)
		at java.base/java.util.concurrent.FutureTask.run(FutureTask.java:264)
		at org.apache.tomcat.util.threads.InlineExecutorService.execute(InlineExecutorService.java:75)
		at java.base/java.util.concurrent.AbstractExecutorService.submit(AbstractExecutorService.java:140)
		at org.apache.catalina.core.ContainerBase.startInternal(ContainerBase.java:909)
		at org.apache.catalina.core.StandardEngine.startInternal(StandardEngine.java:262)
		at org.apache.catalina.util.LifecycleBase.start(LifecycleBase.java:183)
		at org.apache.catalina.core.StandardService.startInternal(StandardService.java:421)
		at org.apache.catalina.util.LifecycleBase.start(LifecycleBase.java:183)
		at org.apache.catalina.core.StandardServer.startInternal(StandardServer.java:930)
		at org.apache.catalina.util.LifecycleBase.start(LifecycleBase.java:183)
		at org.apache.catalina.startup.Catalina.start(Catalina.java:633)
		at java.base/jdk.internal.reflect.NativeMethodAccessorImpl.invoke0(Native Method)
		at java.base/jdk.internal.reflect.NativeMethodAccessorImpl.invoke(NativeMethodAccessorImpl.java:62)
		at java.base/jdk.internal.reflect.DelegatingMethodAccessorImpl.invoke(DelegatingMethodAccessorImpl.java:43)
		at java.base/java.lang.reflect.Method.invoke(Method.java:567)
		at org.apache.catalina.startup.Bootstrap.start(Bootstrap.java:343)
		at org.apache.catalina.startup.Bootstrap.main(Bootstrap.java:474)
	Caused by: org.apache.catalina.LifecycleException: Failed to start component [StandardEngine[Catalina].StandardHost[localhost].StandardContext[/hello]]
		at org.apache.catalina.util.LifecycleBase.handleSubClassException(LifecycleBase.java:440)
		at org.apache.catalina.util.LifecycleBase.start(LifecycleBase.java:198)
		at org.apache.catalina.core.ContainerBase.addChildInternal(ContainerBase.java:717)
		... 37 more
	Caused by: java.lang.IllegalArgumentException: The servlets named [QueryMultiValueServlet] and [QueryServlet] are both mapped to the url-pattern [/query] which is not permitted
		at org.apache.tomcat.util.descriptor.web.WebXml.addServletMappingDecoded(WebXml.java:342)
		at org.apache.tomcat.util.descriptor.web.WebXml.addServletMapping(WebXml.java:335)
		at org.apache.catalina.startup.ContextConfig.processAnnotationWebServlet(ContextConfig.java:2465)
		at org.apache.catalina.startup.ContextConfig.processClass(ContextConfig.java:2141)
		at org.apache.catalina.startup.ContextConfig.processAnnotationsStream(ContextConfig.java:2130)
		at org.apache.catalina.startup.ContextConfig.processAnnotationsWebResource(ContextConfig.java:2022)
		at org.apache.catalina.startup.ContextConfig.processClasses(ContextConfig.java:1233)
		at org.apache.catalina.startup.ContextConfig.webConfig(ContextConfig.java:1142)
		at org.apache.catalina.startup.ContextConfig.configureStart(ContextConfig.java:774)
		at org.apache.catalina.startup.ContextConfig.lifecycleEvent(ContextConfig.java:301)
		at org.apache.catalina.util.LifecycleBase.fireLifecycleEvent(LifecycleBase.java:123)
		at org.apache.catalina.core.StandardContext.startInternal(StandardContext.java:5051)
		at org.apache.catalina.util.LifecycleBase.start(LifecycleBase.java:183)
		... 38 more
11-Mar-2020 23:56:22.156 INFO [main] org.apache.catalina.startup.HostConfig.deployDirectory Deployment of web application directory [/Users/jeraltan/myWebProject/tomcat/webapps/hello] has finished in [15] ms
11-Mar-2020 23:56:22.156 INFO [main] org.apache.catalina.startup.HostConfig.deployDirectory Deploying web application directory [/Users/jeraltan/myWebProject/tomcat/webapps/host-manager]
11-Mar-2020 23:56:22.360 INFO [main] org.apache.jasper.servlet.TldScanner.scanJars At least one JAR was scanned for TLDs yet contained no TLDs. Enable debug logging for this logger for a complete list of JARs that were scanned but no TLDs were found in them. Skipping unneeded JARs during scanning can improve startup time and JSP compilation time.
11-Mar-2020 23:56:22.362 INFO [main] org.apache.catalina.startup.HostConfig.deployDirectory Deployment of web application directory [/Users/jeraltan/myWebProject/tomcat/webapps/host-manager] has finished in [206] ms
11-Mar-2020 23:56:22.362 INFO [main] org.apache.catalina.startup.HostConfig.deployDirectory Deploying web application directory [/Users/jeraltan/myWebProject/tomcat/webapps/eflowershop]
11-Mar-2020 23:56:22.554 INFO [main] org.apache.jasper.servlet.TldScanner.scanJars At least one JAR was scanned for TLDs yet contained no TLDs. Enable debug logging for this logger for a complete list of JARs that were scanned but no TLDs were found in them. Skipping unneeded JARs during scanning can improve startup time and JSP compilation time.
11-Mar-2020 23:56:22.559 INFO [main] org.apache.catalina.startup.HostConfig.deployDirectory Deployment of web application directory [/Users/jeraltan/myWebProject/tomcat/webapps/eflowershop] has finished in [197] ms
11-Mar-2020 23:56:22.564 INFO [main] org.apache.coyote.AbstractProtocol.start Starting ProtocolHandler ["http-nio-9999"]
11-Mar-2020 23:56:22.570 INFO [main] org.apache.catalina.startup.Catalina.start Server startup in [1,821] milliseconds
