07-Mar-2020 13:01:24.624 INFO [main] org.apache.catalina.core.ApplicationContext.log ContextListener: contextInitialized()
07-Mar-2020 13:01:24.624 INFO [main] org.apache.catalina.core.ApplicationContext.log SessionListener: contextInitialized()
07-Mar-2020 13:01:24.626 INFO [main] org.apache.catalina.core.ApplicationContext.log ContextListener: attributeAdded('StockTicker', 'async.Stockticker@62435e70')
07-Mar-2020 13:13:18.655 INFO [Thread-3] org.apache.catalina.core.ApplicationContext.log SessionListener: contextDestroyed()
07-Mar-2020 13:13:18.655 INFO [Thread-3] org.apache.catalina.core.ApplicationContext.log ContextListener: contextDestroyed()
07-Mar-2020 13:13:51.291 INFO [main] org.apache.catalina.core.ApplicationContext.log ContextListener: contextInitialized()
07-Mar-2020 13:13:51.292 INFO [main] org.apache.catalina.core.ApplicationContext.log SessionListener: contextInitialized()
07-Mar-2020 13:13:51.293 INFO [main] org.apache.catalina.core.ApplicationContext.log ContextListener: attributeAdded('StockTicker', 'async.Stockticker@4e28bdd1')
07-Mar-2020 13:34:22.963 INFO [Thread-3] org.apache.catalina.core.ApplicationContext.log SessionListener: contextDestroyed()
07-Mar-2020 13:34:22.963 INFO [Thread-3] org.apache.catalina.core.ApplicationContext.log ContextListener: contextDestroyed()
07-Mar-2020 13:35:52.115 INFO [main] org.apache.catalina.core.ApplicationContext.log ContextListener: contextInitialized()
07-Mar-2020 13:35:52.115 INFO [main] org.apache.catalina.core.ApplicationContext.log SessionListener: contextInitialized()
07-Mar-2020 13:35:52.117 INFO [main] org.apache.catalina.core.ApplicationContext.log ContextListener: attributeAdded('StockTicker', 'async.Stockticker@7be94cd6')
07-Mar-2020 13:48:24.160 INFO [main] org.apache.catalina.core.ApplicationContext.log ContextListener: contextInitialized()
07-Mar-2020 13:48:24.160 INFO [main] org.apache.catalina.core.ApplicationContext.log SessionListener: contextInitialized()
07-Mar-2020 13:48:24.161 INFO [main] org.apache.catalina.core.ApplicationContext.log ContextListener: attributeAdded('StockTicker', 'async.Stockticker@403364e9')
07-Mar-2020 13:48:24.775 INFO [main] org.apache.catalina.core.ApplicationContext.log SessionListener: contextDestroyed()
07-Mar-2020 13:48:24.775 INFO [main] org.apache.catalina.core.ApplicationContext.log ContextListener: contextDestroyed()
07-Mar-2020 13:48:54.950 INFO [main] org.apache.catalina.core.ApplicationContext.log ContextListener: contextInitialized()
07-Mar-2020 13:48:54.950 INFO [main] org.apache.catalina.core.ApplicationContext.log SessionListener: contextInitialized()
07-Mar-2020 13:48:54.951 INFO [main] org.apache.catalina.core.ApplicationContext.log ContextListener: attributeAdded('StockTicker', 'async.Stockticker@2fde9469')
07-Mar-2020 13:48:55.556 INFO [main] org.apache.catalina.core.ApplicationContext.log SessionListener: contextDestroyed()
07-Mar-2020 13:48:55.556 INFO [main] org.apache.catalina.core.ApplicationContext.log ContextListener: contextDestroyed()
07-Mar-2020 13:49:46.006 INFO [main] org.apache.catalina.core.ApplicationContext.log SessionListener: contextDestroyed()
07-Mar-2020 13:49:46.006 INFO [main] org.apache.catalina.core.ApplicationContext.log ContextListener: contextDestroyed()
07-Mar-2020 13:50:06.450 INFO [main] org.apache.catalina.core.ApplicationContext.log ContextListener: contextInitialized()
07-Mar-2020 13:50:06.451 INFO [main] org.apache.catalina.core.ApplicationContext.log SessionListener: contextInitialized()
07-Mar-2020 13:50:06.452 INFO [main] org.apache.catalina.core.ApplicationContext.log ContextListener: attributeAdded('StockTicker', 'async.Stockticker@37ca3ca8')
07-Mar-2020 14:25:09.248 INFO [main] org.apache.catalina.core.ApplicationContext.log SessionListener: contextDestroyed()
07-Mar-2020 14:25:09.248 INFO [main] org.apache.catalina.core.ApplicationContext.log ContextListener: contextDestroyed()
07-Mar-2020 14:25:23.128 INFO [main] org.apache.catalina.core.ApplicationContext.log ContextListener: contextInitialized()
07-Mar-2020 14:25:23.128 INFO [main] org.apache.catalina.core.ApplicationContext.log SessionListener: contextInitialized()
07-Mar-2020 14:25:23.129 INFO [main] org.apache.catalina.core.ApplicationContext.log ContextListener: attributeAdded('StockTicker', 'async.Stockticker@4978777f')
07-Mar-2020 14:28:31.471 INFO [main] org.apache.catalina.core.ApplicationContext.log SessionListener: contextDestroyed()
07-Mar-2020 14:28:31.471 INFO [main] org.apache.catalina.core.ApplicationContext.log ContextListener: contextDestroyed()
07-Mar-2020 14:28:52.316 INFO [main] org.apache.catalina.core.ApplicationContext.log ContextListener: contextInitialized()
07-Mar-2020 14:28:52.316 INFO [main] org.apache.catalina.core.ApplicationContext.log SessionListener: contextInitialized()
07-Mar-2020 14:28:52.317 INFO [main] org.apache.catalina.core.ApplicationContext.log ContextListener: attributeAdded('StockTicker', 'async.Stockticker@7a36c83a')
07-Mar-2020 14:31:27.646 INFO [main] org.apache.catalina.core.ApplicationContext.log ContextListener: contextInitialized()
07-Mar-2020 14:31:27.646 INFO [main] org.apache.catalina.core.ApplicationContext.log SessionListener: contextInitialized()
07-Mar-2020 14:31:27.648 INFO [main] org.apache.catalina.core.ApplicationContext.log ContextListener: attributeAdded('StockTicker', 'async.Stockticker@447521e')
07-Mar-2020 14:31:28.082 INFO [main] org.apache.catalina.core.ApplicationContext.log SessionListener: contextDestroyed()
07-Mar-2020 14:31:28.082 INFO [main] org.apache.catalina.core.ApplicationContext.log ContextListener: contextDestroyed()
07-Mar-2020 14:31:42.907 INFO [main] org.apache.catalina.core.ApplicationContext.log SessionListener: contextDestroyed()
07-Mar-2020 14:31:42.907 INFO [main] org.apache.catalina.core.ApplicationContext.log ContextListener: contextDestroyed()
07-Mar-2020 14:31:52.160 INFO [main] org.apache.catalina.core.ApplicationContext.log ContextListener: contextInitialized()
07-Mar-2020 14:31:52.160 INFO [main] org.apache.catalina.core.ApplicationContext.log SessionListener: contextInitialized()
07-Mar-2020 14:31:52.161 INFO [main] org.apache.catalina.core.ApplicationContext.log ContextListener: attributeAdded('StockTicker', 'async.Stockticker@5864e8bf')
07-Mar-2020 14:34:20.472 INFO [main] org.apache.catalina.core.ApplicationContext.log SessionListener: contextDestroyed()
07-Mar-2020 14:34:20.473 INFO [main] org.apache.catalina.core.ApplicationContext.log ContextListener: contextDestroyed()
07-Mar-2020 14:34:30.858 INFO [main] org.apache.catalina.core.ApplicationContext.log ContextListener: contextInitialized()
07-Mar-2020 14:34:30.858 INFO [main] org.apache.catalina.core.ApplicationContext.log SessionListener: contextInitialized()
07-Mar-2020 14:34:30.859 INFO [main] org.apache.catalina.core.ApplicationContext.log ContextListener: attributeAdded('StockTicker', 'async.Stockticker@7d50f2a8')
07-Mar-2020 14:39:10.251 INFO [main] org.apache.catalina.core.ApplicationContext.log SessionListener: contextDestroyed()
07-Mar-2020 14:39:10.251 INFO [main] org.apache.catalina.core.ApplicationContext.log ContextListener: contextDestroyed()
07-Mar-2020 14:39:18.811 INFO [main] org.apache.catalina.core.ApplicationContext.log ContextListener: contextInitialized()
07-Mar-2020 14:39:18.811 INFO [main] org.apache.catalina.core.ApplicationContext.log SessionListener: contextInitialized()
07-Mar-2020 14:39:18.812 INFO [main] org.apache.catalina.core.ApplicationContext.log ContextListener: attributeAdded('StockTicker', 'async.Stockticker@7f0d8eff')
07-Mar-2020 14:41:23.190 INFO [main] org.apache.catalina.core.ApplicationContext.log SessionListener: contextDestroyed()
07-Mar-2020 14:41:23.190 INFO [main] org.apache.catalina.core.ApplicationContext.log ContextListener: contextDestroyed()
07-Mar-2020 14:41:32.506 INFO [main] org.apache.catalina.core.ApplicationContext.log ContextListener: contextInitialized()
07-Mar-2020 14:41:32.507 INFO [main] org.apache.catalina.core.ApplicationContext.log SessionListener: contextInitialized()
07-Mar-2020 14:41:32.508 INFO [main] org.apache.catalina.core.ApplicationContext.log ContextListener: attributeAdded('StockTicker', 'async.Stockticker@13192275')
07-Mar-2020 14:45:10.459 INFO [main] org.apache.catalina.core.ApplicationContext.log SessionListener: contextDestroyed()
07-Mar-2020 14:45:10.459 INFO [main] org.apache.catalina.core.ApplicationContext.log ContextListener: contextDestroyed()
07-Mar-2020 14:45:22.807 INFO [main] org.apache.catalina.core.ApplicationContext.log ContextListener: contextInitialized()
07-Mar-2020 14:45:22.807 INFO [main] org.apache.catalina.core.ApplicationContext.log SessionListener: contextInitialized()
07-Mar-2020 14:45:22.808 INFO [main] org.apache.catalina.core.ApplicationContext.log ContextListener: attributeAdded('StockTicker', 'async.Stockticker@241b971f')
07-Mar-2020 14:48:25.429 INFO [Thread-3] org.apache.catalina.core.ApplicationContext.log SessionListener: contextDestroyed()
07-Mar-2020 14:48:25.429 INFO [Thread-3] org.apache.catalina.core.ApplicationContext.log ContextListener: contextDestroyed()
07-Mar-2020 14:49:11.145 INFO [main] org.apache.catalina.core.ApplicationContext.log ContextListener: contextInitialized()
07-Mar-2020 14:49:11.145 INFO [main] org.apache.catalina.core.ApplicationContext.log SessionListener: contextInitialized()
07-Mar-2020 14:49:11.146 INFO [main] org.apache.catalina.core.ApplicationContext.log ContextListener: attributeAdded('StockTicker', 'async.Stockticker@1c7f9861')
07-Mar-2020 14:52:53.687 INFO [Thread-3] org.apache.catalina.core.ApplicationContext.log SessionListener: contextDestroyed()
07-Mar-2020 14:52:53.688 INFO [Thread-3] org.apache.catalina.core.ApplicationContext.log ContextListener: contextDestroyed()
07-Mar-2020 14:53:12.802 INFO [main] org.apache.catalina.core.ApplicationContext.log ContextListener: contextInitialized()
07-Mar-2020 14:53:12.802 INFO [main] org.apache.catalina.core.ApplicationContext.log SessionListener: contextInitialized()
07-Mar-2020 14:53:12.803 INFO [main] org.apache.catalina.core.ApplicationContext.log ContextListener: attributeAdded('StockTicker', 'async.Stockticker@1c7f9861')
07-Mar-2020 15:01:16.198 INFO [main] org.apache.catalina.core.ApplicationContext.log ContextListener: contextInitialized()
07-Mar-2020 15:01:16.198 INFO [main] org.apache.catalina.core.ApplicationContext.log SessionListener: contextInitialized()
07-Mar-2020 15:01:16.199 INFO [main] org.apache.catalina.core.ApplicationContext.log ContextListener: attributeAdded('StockTicker', 'async.Stockticker@5ccb85d6')
07-Mar-2020 15:01:16.629 INFO [main] org.apache.catalina.core.ApplicationContext.log SessionListener: contextDestroyed()
07-Mar-2020 15:01:16.629 INFO [main] org.apache.catalina.core.ApplicationContext.log ContextListener: contextDestroyed()
07-Mar-2020 15:01:24.434 INFO [main] org.apache.catalina.core.ApplicationContext.log SessionListener: contextDestroyed()
07-Mar-2020 15:01:24.434 INFO [main] org.apache.catalina.core.ApplicationContext.log ContextListener: contextDestroyed()
07-Mar-2020 15:01:30.237 INFO [main] org.apache.catalina.core.ApplicationContext.log ContextListener: contextInitialized()
07-Mar-2020 15:01:30.237 INFO [main] org.apache.catalina.core.ApplicationContext.log SessionListener: contextInitialized()
07-Mar-2020 15:01:30.238 INFO [main] org.apache.catalina.core.ApplicationContext.log ContextListener: attributeAdded('StockTicker', 'async.Stockticker@6ea246af')
07-Mar-2020 15:03:28.433 INFO [Thread-3] org.apache.catalina.core.ApplicationContext.log SessionListener: contextDestroyed()
07-Mar-2020 15:03:28.434 INFO [Thread-3] org.apache.catalina.core.ApplicationContext.log ContextListener: contextDestroyed()
07-Mar-2020 15:03:43.833 INFO [main] org.apache.catalina.core.ApplicationContext.log ContextListener: contextInitialized()
07-Mar-2020 15:03:43.833 INFO [main] org.apache.catalina.core.ApplicationContext.log SessionListener: contextInitialized()
07-Mar-2020 15:03:43.834 INFO [main] org.apache.catalina.core.ApplicationContext.log ContextListener: attributeAdded('StockTicker', 'async.Stockticker@5864e8bf')
07-Mar-2020 17:04:01.234 INFO [Thread-3] org.apache.catalina.core.ApplicationContext.log SessionListener: contextDestroyed()
07-Mar-2020 17:04:01.234 INFO [Thread-3] org.apache.catalina.core.ApplicationContext.log ContextListener: contextDestroyed()
07-Mar-2020 17:04:19.413 INFO [main] org.apache.catalina.core.ApplicationContext.log ContextListener: contextInitialized()
07-Mar-2020 17:04:19.413 INFO [main] org.apache.catalina.core.ApplicationContext.log SessionListener: contextInitialized()
07-Mar-2020 17:04:19.414 INFO [main] org.apache.catalina.core.ApplicationContext.log ContextListener: attributeAdded('StockTicker', 'async.Stockticker@154b8cb6')
07-Mar-2020 17:05:59.060 INFO [Thread-3] org.apache.catalina.core.ApplicationContext.log SessionListener: contextDestroyed()
07-Mar-2020 17:05:59.061 INFO [Thread-3] org.apache.catalina.core.ApplicationContext.log ContextListener: contextDestroyed()
07-Mar-2020 17:06:12.377 INFO [main] org.apache.catalina.core.ApplicationContext.log ContextListener: contextInitialized()
07-Mar-2020 17:06:12.377 INFO [main] org.apache.catalina.core.ApplicationContext.log SessionListener: contextInitialized()
07-Mar-2020 17:06:12.378 INFO [main] org.apache.catalina.core.ApplicationContext.log ContextListener: attributeAdded('StockTicker', 'async.Stockticker@5864e8bf')
07-Mar-2020 17:10:47.284 INFO [Thread-3] org.apache.catalina.core.ApplicationContext.log SessionListener: contextDestroyed()
07-Mar-2020 17:10:47.285 INFO [Thread-3] org.apache.catalina.core.ApplicationContext.log ContextListener: contextDestroyed()
07-Mar-2020 17:11:01.513 INFO [main] org.apache.catalina.core.ApplicationContext.log ContextListener: contextInitialized()
07-Mar-2020 17:11:01.514 INFO [main] org.apache.catalina.core.ApplicationContext.log SessionListener: contextInitialized()
07-Mar-2020 17:11:01.515 INFO [main] org.apache.catalina.core.ApplicationContext.log ContextListener: attributeAdded('StockTicker', 'async.Stockticker@191ec193')
